<?xml version="1.0" encoding="UTF-8"?>
<coverage generated="1771179364884" clover="3.2.0">
  <project timestamp="1771179364884" name="All files">
    <metrics statements="454" coveredstatements="450" conditionals="157" coveredconditionals="155" methods="272" coveredmethods="270" elements="883" coveredelements="875" complexity="0" loc="454" ncloc="454" packages="14" files="61" classes="61"/>
    <package name="result">
      <metrics statements="0" coveredstatements="0" conditionals="0" coveredconditionals="0" methods="0" coveredmethods="0"/>
      <file name="package.json" path="/Users/u1070457/Projects/Perso/HexDi/Result/packages/result/package.json">
        <metrics statements="0" coveredstatements="0" conditionals="0" coveredconditionals="0" methods="0" coveredmethods="0"/>
      </file>
    </package>
    <package name="result.src">
      <metrics statements="0" coveredstatements="0" conditionals="0" coveredconditionals="0" methods="0" coveredmethods="0"/>
      <file name="index.ts" path="/Users/u1070457/Projects/Perso/HexDi/Result/packages/result/src/index.ts">
        <metrics statements="0" coveredstatements="0" conditionals="0" coveredconditionals="0" methods="0" coveredmethods="0"/>
      </file>
    </package>
    <package name="result.src.async">
      <metrics statements="112" coveredstatements="112" conditionals="48" coveredconditionals="48" methods="52" coveredmethods="52"/>
      <file name="result-async.ts" path="/Users/u1070457/Projects/Perso/HexDi/Result/packages/result/src/async/result-async.ts">
        <metrics statements="112" coveredstatements="112" conditionals="48" coveredconditionals="48" methods="52" coveredmethods="52"/>
        <line num="14" count="16" type="cond" truecount="2" falsecount="0"/>
        <line num="15" count="14" type="stmt"/>
        <line num="18" count="2" type="stmt"/>
        <line num="23" count="11" type="cond" truecount="2" falsecount="0"/>
        <line num="24" count="5" type="stmt"/>
        <line num="26" count="6" type="stmt"/>
        <line num="58" count="152" type="stmt"/>
        <line num="78" count="48" type="stmt"/>
        <line num="96" count="30" type="stmt"/>
        <line num="118" count="11" type="stmt"/>
        <line num="120" count="5" type="stmt"/>
        <line num="121" count="6" type="stmt"/>
        <line num="144" count="11" type="stmt"/>
        <line num="162" count="2" type="stmt"/>
        <line num="191" count="3" type="stmt"/>
        <line num="197" count="3" type="stmt"/>
        <line num="199" count="3" type="stmt"/>
        <line num="200" count="3" type="cond" truecount="4" falsecount="0"/>
        <line num="201" count="1" type="stmt"/>
        <line num="203" count="2" type="stmt"/>
        <line num="213" count="2" type="stmt"/>
        <line num="214" count="4" type="stmt"/>
        <line num="222" count="26" type="stmt"/>
        <line num="223" count="26" type="stmt"/>
        <line num="224" count="26" type="stmt"/>
        <line num="225" count="26" type="stmt"/>
        <line num="226" count="26" type="stmt"/>
        <line num="227" count="26" type="stmt"/>
        <line num="228" count="26" type="stmt"/>
        <line num="236" count="77" type="stmt"/>
        <line num="242" count="3" type="stmt"/>
        <line num="244" count="3" type="cond" truecount="2" falsecount="0"/>
        <line num="245" count="1" type="stmt"/>
        <line num="247" count="2" type="stmt"/>
        <line num="253" count="2" type="stmt"/>
        <line num="255" count="2" type="cond" truecount="2" falsecount="0"/>
        <line num="256" count="1" type="stmt"/>
        <line num="258" count="1" type="stmt"/>
        <line num="267" count="3" type="stmt"/>
        <line num="269" count="3" type="cond" truecount="2" falsecount="0"/>
        <line num="270" count="2" type="stmt"/>
        <line num="272" count="1" type="stmt"/>
        <line num="284" count="13" type="stmt"/>
        <line num="286" count="13" type="cond" truecount="2" falsecount="0"/>
        <line num="287" count="1" type="stmt"/>
        <line num="289" count="12" type="stmt"/>
        <line num="290" count="12" type="stmt"/>
        <line num="300" count="2" type="stmt"/>
        <line num="302" count="2" type="cond" truecount="2" falsecount="0"/>
        <line num="303" count="1" type="stmt"/>
        <line num="305" count="1" type="stmt"/>
        <line num="306" count="1" type="stmt"/>
        <line num="312" count="5" type="stmt"/>
        <line num="314" count="5" type="cond" truecount="2" falsecount="0"/>
        <line num="315" count="4" type="stmt"/>
        <line num="316" count="4" type="stmt"/>
        <line num="321" count="5" type="stmt"/>
        <line num="327" count="4" type="stmt"/>
        <line num="329" count="4" type="cond" truecount="2" falsecount="0"/>
        <line num="330" count="3" type="stmt"/>
        <line num="331" count="3" type="stmt"/>
        <line num="336" count="4" type="stmt"/>
        <line num="344" count="4" type="stmt"/>
        <line num="346" count="4" type="cond" truecount="2" falsecount="0"/>
        <line num="347" count="1" type="stmt"/>
        <line num="349" count="3" type="stmt"/>
        <line num="350" count="3" type="cond" truecount="2" falsecount="0"/>
        <line num="351" count="1" type="stmt"/>
        <line num="353" count="2" type="stmt"/>
        <line num="359" count="2" type="stmt"/>
        <line num="361" count="2" type="cond" truecount="2" falsecount="0"/>
        <line num="362" count="1" type="stmt"/>
        <line num="364" count="2" type="stmt"/>
        <line num="370" count="2" type="stmt"/>
        <line num="372" count="2" type="cond" truecount="2" falsecount="0"/>
        <line num="373" count="1" type="stmt"/>
        <line num="375" count="2" type="stmt"/>
        <line num="386" count="2" type="stmt"/>
        <line num="387" count="2" type="cond" truecount="2" falsecount="0"/>
        <line num="388" count="1" type="stmt"/>
        <line num="390" count="1" type="stmt"/>
        <line num="394" count="2" type="stmt"/>
        <line num="395" count="2" type="cond" truecount="2" falsecount="0"/>
        <line num="396" count="1" type="stmt"/>
        <line num="398" count="1" type="stmt"/>
        <line num="402" count="2" type="stmt"/>
        <line num="403" count="2" type="cond" truecount="2" falsecount="0"/>
        <line num="404" count="1" type="stmt"/>
        <line num="406" count="1" type="stmt"/>
        <line num="410" count="2" type="stmt"/>
        <line num="411" count="2" type="cond" truecount="2" falsecount="0"/>
        <line num="415" count="2" type="stmt"/>
        <line num="416" count="2" type="cond" truecount="2" falsecount="0"/>
        <line num="420" count="2" type="stmt"/>
        <line num="421" count="2" type="cond" truecount="2" falsecount="0"/>
        <line num="422" count="1" type="stmt"/>
        <line num="424" count="1" type="stmt"/>
        <line num="428" count="2" type="stmt"/>
        <line num="429" count="2" type="cond" truecount="2" falsecount="0"/>
        <line num="430" count="1" type="stmt"/>
        <line num="432" count="1" type="stmt"/>
        <line num="438" count="3" type="stmt"/>
        <line num="440" count="3" type="cond" truecount="2" falsecount="0"/>
        <line num="441" count="1" type="stmt"/>
        <line num="443" count="2" type="stmt"/>
        <line num="449" count="2" type="stmt"/>
        <line num="451" count="2" type="cond" truecount="2" falsecount="0"/>
        <line num="452" count="1" type="stmt"/>
        <line num="454" count="1" type="stmt"/>
        <line num="460" count="2" type="stmt"/>
        <line num="461" count="2" type="stmt"/>
        <line num="466" count="26" type="stmt"/>
      </file>
    </package>
    <package name="result.src.combinators">
      <metrics statements="51" coveredstatements="51" conditionals="18" coveredconditionals="18" methods="7" coveredmethods="7"/>
      <file name="all-settled.ts" path="/Users/u1070457/Projects/Perso/HexDi/Result/packages/result/src/combinators/all-settled.ts">
        <metrics statements="9" coveredstatements="9" conditionals="4" coveredconditionals="4" methods="1" coveredmethods="1"/>
        <line num="32" count="3" type="stmt"/>
        <line num="33" count="3" type="stmt"/>
        <line num="35" count="3" type="stmt"/>
        <line num="36" count="8" type="cond" truecount="2" falsecount="0"/>
        <line num="37" count="3" type="stmt"/>
        <line num="39" count="5" type="stmt"/>
        <line num="43" count="3" type="cond" truecount="2" falsecount="0"/>
        <line num="44" count="2" type="stmt"/>
        <line num="46" count="1" type="stmt"/>
      </file>
      <file name="all.ts" path="/Users/u1070457/Projects/Perso/HexDi/Result/packages/result/src/combinators/all.ts">
        <metrics statements="6" coveredstatements="6" conditionals="2" coveredconditionals="2" methods="1" coveredmethods="1"/>
        <line num="30" count="6" type="stmt"/>
        <line num="31" count="6" type="stmt"/>
        <line num="32" count="13" type="cond" truecount="2" falsecount="0"/>
        <line num="33" count="2" type="stmt"/>
        <line num="35" count="11" type="stmt"/>
        <line num="37" count="4" type="stmt"/>
      </file>
      <file name="any.ts" path="/Users/u1070457/Projects/Perso/HexDi/Result/packages/result/src/combinators/any.ts">
        <metrics statements="6" coveredstatements="6" conditionals="2" coveredconditionals="2" methods="1" coveredmethods="1"/>
        <line num="30" count="3" type="stmt"/>
        <line num="32" count="3" type="stmt"/>
        <line num="33" count="5" type="cond" truecount="2" falsecount="0"/>
        <line num="34" count="2" type="stmt"/>
        <line num="36" count="3" type="stmt"/>
        <line num="39" count="1" type="stmt"/>
      </file>
      <file name="collect.ts" path="/Users/u1070457/Projects/Perso/HexDi/Result/packages/result/src/combinators/collect.ts">
        <metrics statements="7" coveredstatements="7" conditionals="2" coveredconditionals="2" methods="1" coveredmethods="1"/>
        <line num="36" count="2" type="stmt"/>
        <line num="38" count="2" type="stmt"/>
        <line num="39" count="4" type="stmt"/>
        <line num="40" count="4" type="cond" truecount="2" falsecount="0"/>
        <line num="41" count="1" type="stmt"/>
        <line num="43" count="3" type="stmt"/>
        <line num="46" count="1" type="stmt"/>
      </file>
      <file name="for-each.ts" path="/Users/u1070457/Projects/Perso/HexDi/Result/packages/result/src/combinators/for-each.ts">
        <metrics statements="7" coveredstatements="7" conditionals="2" coveredconditionals="2" methods="1" coveredmethods="1"/>
        <line num="32" count="5" type="stmt"/>
        <line num="34" count="5" type="stmt"/>
        <line num="35" count="10" type="stmt"/>
        <line num="36" count="10" type="cond" truecount="2" falsecount="0"/>
        <line num="37" count="2" type="stmt"/>
        <line num="39" count="8" type="stmt"/>
        <line num="42" count="3" type="stmt"/>
      </file>
      <file name="partition.ts" path="/Users/u1070457/Projects/Perso/HexDi/Result/packages/result/src/combinators/partition.ts">
        <metrics statements="7" coveredstatements="7" conditionals="2" coveredconditionals="2" methods="1" coveredmethods="1"/>
        <line num="27" count="5" type="stmt"/>
        <line num="28" count="5" type="stmt"/>
        <line num="30" count="5" type="stmt"/>
        <line num="31" count="14" type="cond" truecount="2" falsecount="0"/>
        <line num="32" count="8" type="stmt"/>
        <line num="34" count="6" type="stmt"/>
        <line num="38" count="5" type="stmt"/>
      </file>
      <file name="zip-or-accumulate.ts" path="/Users/u1070457/Projects/Perso/HexDi/Result/packages/result/src/combinators/zip-or-accumulate.ts">
        <metrics statements="9" coveredstatements="9" conditionals="4" coveredconditionals="4" methods="1" coveredmethods="1"/>
        <line num="33" count="4" type="stmt"/>
        <line num="34" count="4" type="stmt"/>
        <line num="36" count="4" type="stmt"/>
        <line num="37" count="9" type="cond" truecount="2" falsecount="0"/>
        <line num="38" count="3" type="stmt"/>
        <line num="40" count="6" type="stmt"/>
        <line num="44" count="4" type="cond" truecount="2" falsecount="0"/>
        <line num="45" count="2" type="stmt"/>
        <line num="47" count="2" type="stmt"/>
      </file>
    </package>
    <package name="result.src.constructors">
      <metrics statements="20" coveredstatements="20" conditionals="8" coveredconditionals="8" methods="8" coveredmethods="8"/>
      <file name="from-nullable.ts" path="/Users/u1070457/Projects/Perso/HexDi/Result/packages/result/src/constructors/from-nullable.ts">
        <metrics statements="3" coveredstatements="3" conditionals="4" coveredconditionals="4" methods="1" coveredmethods="1"/>
        <line num="35" count="3" type="cond" truecount="4" falsecount="0"/>
        <line num="36" count="2" type="stmt"/>
        <line num="38" count="1" type="stmt"/>
      </file>
      <file name="from-predicate.ts" path="/Users/u1070457/Projects/Perso/HexDi/Result/packages/result/src/constructors/from-predicate.ts">
        <metrics statements="3" coveredstatements="3" conditionals="2" coveredconditionals="2" methods="1" coveredmethods="1"/>
        <line num="55" count="3" type="cond" truecount="2" falsecount="0"/>
        <line num="56" count="2" type="stmt"/>
        <line num="58" count="1" type="stmt"/>
      </file>
      <file name="from-promise.ts" path="/Users/u1070457/Projects/Perso/HexDi/Result/packages/result/src/constructors/from-promise.ts">
        <metrics statements="3" coveredstatements="3" conditionals="0" coveredconditionals="0" methods="3" coveredmethods="3"/>
        <line num="34" count="5" type="stmt"/>
        <line num="62" count="2" type="stmt"/>
        <line num="103" count="3" type="stmt"/>
      </file>
      <file name="from-throwable.ts" path="/Users/u1070457/Projects/Perso/HexDi/Result/packages/result/src/constructors/from-throwable.ts">
        <metrics statements="8" coveredstatements="8" conditionals="2" coveredconditionals="2" methods="2" coveredmethods="2"/>
        <line num="55" count="6" type="cond" truecount="2" falsecount="0"/>
        <line num="56" count="3" type="stmt"/>
        <line num="57" count="2" type="stmt"/>
        <line num="58" count="2" type="stmt"/>
        <line num="60" count="1" type="stmt"/>
        <line num="66" count="3" type="stmt"/>
        <line num="67" count="3" type="stmt"/>
        <line num="69" count="2" type="stmt"/>
      </file>
      <file name="try-catch.ts" path="/Users/u1070457/Projects/Perso/HexDi/Result/packages/result/src/constructors/try-catch.ts">
        <metrics statements="3" coveredstatements="3" conditionals="0" coveredconditionals="0" methods="1" coveredmethods="1"/>
        <line num="40" count="2" type="stmt"/>
        <line num="41" count="2" type="stmt"/>
        <line num="43" count="1" type="stmt"/>
      </file>
    </package>
    <package name="result.src.core">
      <metrics statements="120" coveredstatements="117" conditionals="24" coveredconditionals="23" methods="89" coveredmethods="87"/>
      <file name="brand.ts" path="/Users/u1070457/Projects/Perso/HexDi/Result/packages/result/src/core/brand.ts">
        <metrics statements="1" coveredstatements="1" conditionals="0" coveredconditionals="0" methods="0" coveredmethods="0"/>
        <line num="17" count="27" type="stmt"/>
      </file>
      <file name="guards.ts" path="/Users/u1070457/Projects/Perso/HexDi/Result/packages/result/src/core/guards.ts">
        <metrics statements="10" coveredstatements="10" conditionals="18" coveredconditionals="18" methods="2" coveredmethods="2"/>
        <line num="28" count="29" type="cond" truecount="5" falsecount="0"/>
        <line num="29" count="5" type="stmt"/>
        <line num="31" count="24" type="stmt"/>
        <line num="57" count="23" type="cond" truecount="5" falsecount="0"/>
        <line num="58" count="6" type="stmt"/>
        <line num="60" count="17" type="cond" truecount="4" falsecount="0"/>
        <line num="61" count="6" type="stmt"/>
        <line num="63" count="11" type="cond" truecount="4" falsecount="0"/>
        <line num="64" count="2" type="stmt"/>
        <line num="66" count="9" type="stmt"/>
      </file>
      <file name="result.ts" path="/Users/u1070457/Projects/Perso/HexDi/Result/packages/result/src/core/result.ts">
        <metrics statements="109" coveredstatements="106" conditionals="6" coveredconditionals="5" methods="87" coveredmethods="85"/>
        <line num="21" count="27" type="stmt"/>
        <line num="24" count="26" type="stmt"/>
        <line num="28" count="5" type="cond" truecount="1" falsecount="1"/>
        <line num="29" count="0" type="stmt"/>
        <line num="33" count="5" type="stmt"/>
        <line num="39" count="27" type="stmt"/>
        <line num="40" count="27" type="stmt"/>
        <line num="42" count="24" type="stmt"/>
        <line num="45" count="1" type="stmt"/>
        <line num="48" count="1" type="stmt"/>
        <line num="51" count="1" type="stmt"/>
        <line num="54" count="27" type="stmt"/>
        <line num="81" count="398" type="stmt"/>
        <line num="88" count="114" type="stmt"/>
        <line num="91" count="18" type="stmt"/>
        <line num="94" count="2" type="stmt"/>
        <line num="97" count="1" type="stmt"/>
        <line num="102" count="15" type="stmt"/>
        <line num="105" count="3" type="stmt"/>
        <line num="108" count="2" type="stmt"/>
        <line num="111" count="3" type="stmt"/>
        <line num="114" count="2" type="stmt"/>
        <line num="119" count="3" type="stmt"/>
        <line num="122" count="1" type="stmt"/>
        <line num="127" count="29" type="stmt"/>
        <line num="130" count="1" type="stmt"/>
        <line num="133" count="4" type="stmt"/>
        <line num="134" count="4" type="stmt"/>
        <line num="138" count="4" type="stmt"/>
        <line num="141" count="3" type="stmt"/>
        <line num="144" count="2" type="stmt"/>
        <line num="145" count="2" type="cond" truecount="2" falsecount="0"/>
        <line num="146" count="1" type="stmt"/>
        <line num="148" count="1" type="stmt"/>
        <line num="151" count="3" type="stmt"/>
        <line num="152" count="3" type="stmt"/>
        <line num="155" count="2" type="stmt"/>
        <line num="160" count="8" type="stmt"/>
        <line num="163" count="8" type="stmt"/>
        <line num="166" count="1" type="stmt"/>
        <line num="169" count="2" type="stmt"/>
        <line num="172" count="2" type="stmt"/>
        <line num="175" count="4" type="stmt"/>
        <line num="178" count="1" type="stmt"/>
        <line num="181" count="1" type="stmt"/>
        <line num="184" count="5" type="stmt"/>
        <line num="189" count="2" type="stmt"/>
        <line num="192" count="2" type="stmt"/>
        <line num="195" count="2" type="stmt"/>
        <line num="198" count="2" type="stmt"/>
        <line num="203" count="2" type="stmt"/>
        <line num="206" count="1" type="stmt"/>
        <line num="209" count="1" type="stmt"/>
        <line num="214" count="2" type="stmt"/>
        <line num="217" count="1" type="stmt"/>
        <line num="222" count="2" type="stmt"/>
        <line num="223" count="2" type="cond" truecount="2" falsecount="0"/>
        <line num="224" count="1" type="stmt"/>
        <line num="226" count="1" type="stmt"/>
        <line num="231" count="11" type="stmt"/>
        <line num="236" count="27" type="stmt"/>
        <line num="240" count="398" type="stmt"/>
        <line num="241" count="398" type="stmt"/>
        <line num="268" count="246" type="stmt"/>
        <line num="275" count="10" type="stmt"/>
        <line num="278" count="78" type="stmt"/>
        <line num="281" count="1" type="stmt"/>
        <line num="284" count="1" type="stmt"/>
        <line num="289" count="5" type="stmt"/>
        <line num="292" count="5" type="stmt"/>
        <line num="295" count="2" type="stmt"/>
        <line num="298" count="1" type="stmt"/>
        <line num="301" count="1" type="stmt"/>
        <line num="306" count="1" type="stmt"/>
        <line num="309" count="3" type="stmt"/>
        <line num="314" count="2" type="stmt"/>
        <line num="317" count="5" type="stmt"/>
        <line num="320" count="3" type="stmt"/>
        <line num="323" count="4" type="stmt"/>
        <line num="324" count="4" type="stmt"/>
        <line num="328" count="4" type="stmt"/>
        <line num="331" count="1" type="stmt"/>
        <line num="334" count="2" type="stmt"/>
        <line num="337" count="3" type="stmt"/>
        <line num="338" count="3" type="stmt"/>
        <line num="343" count="4" type="stmt"/>
        <line num="346" count="5" type="stmt"/>
        <line num="349" count="1" type="stmt"/>
        <line num="352" count="2" type="stmt"/>
        <line num="355" count="2" type="stmt"/>
        <line num="358" count="1" type="stmt"/>
        <line num="361" count="4" type="stmt"/>
        <line num="364" count="5" type="stmt"/>
        <line num="367" count="1" type="stmt"/>
        <line num="372" count="2" type="stmt"/>
        <line num="375" count="2" type="stmt"/>
        <line num="378" count="2" type="stmt"/>
        <line num="381" count="2" type="stmt"/>
        <line num="386" count="2" type="stmt"/>
        <line num="389" count="0" type="stmt"/>
        <line num="392" count="0" type="stmt"/>
        <line num="397" count="1" type="stmt"/>
        <line num="400" count="2" type="stmt"/>
        <line num="403" count="1" type="stmt"/>
        <line num="408" count="11" type="stmt"/>
        <line num="413" count="9" type="stmt"/>
        <line num="414" count="2" type="stmt"/>
        <line num="418" count="246" type="stmt"/>
        <line num="419" count="246" type="stmt"/>
      </file>
    </package>
    <package name="result.src.core.__fixtures__">
      <metrics statements="0" coveredstatements="0" conditionals="0" coveredconditionals="0" methods="0" coveredmethods="0"/>
      <file name="schema-versions.json" path="/Users/u1070457/Projects/Perso/HexDi/Result/packages/result/src/core/__fixtures__/schema-versions.json">
        <metrics statements="0" coveredstatements="0" conditionals="0" coveredconditionals="0" methods="0" coveredmethods="0"/>
      </file>
    </package>
    <package name="result.src.do">
      <metrics statements="8" coveredstatements="8" conditionals="2" coveredconditionals="2" methods="4" coveredmethods="4"/>
      <file name="bind.ts" path="/Users/u1070457/Projects/Perso/HexDi/Result/packages/result/src/do/bind.ts">
        <metrics statements="8" coveredstatements="8" conditionals="2" coveredconditionals="2" methods="4" coveredmethods="4"/>
        <line num="40" count="17" type="stmt"/>
        <line num="41" count="17" type="stmt"/>
        <line num="42" count="17" type="cond" truecount="2" falsecount="0"/>
        <line num="43" count="2" type="stmt"/>
        <line num="45" count="15" type="stmt"/>
        <line num="78" count="4" type="stmt"/>
        <line num="79" count="4" type="stmt"/>
        <line num="80" count="4" type="stmt"/>
      </file>
    </package>
    <package name="result.src.errors">
      <metrics statements="13" coveredstatements="12" conditionals="18" coveredconditionals="17" methods="9" coveredmethods="9"/>
      <file name="assert-never.ts" path="/Users/u1070457/Projects/Perso/HexDi/Result/packages/result/src/errors/assert-never.ts">
        <metrics statements="1" coveredstatements="1" conditionals="2" coveredconditionals="2" methods="1" coveredmethods="1"/>
        <line num="33" count="3" type="cond" truecount="2" falsecount="0"/>
      </file>
      <file name="create-error-group.ts" path="/Users/u1070457/Projects/Perso/HexDi/Result/packages/result/src/errors/create-error-group.ts">
        <metrics statements="10" coveredstatements="9" conditionals="16" coveredconditionals="15" methods="6" coveredmethods="6"/>
        <line num="46" count="15" type="stmt"/>
        <line num="48" count="11" type="stmt"/>
        <line num="51" count="11" type="stmt"/>
        <line num="56" count="11" type="cond" truecount="5" falsecount="0"/>
        <line num="57" count="4" type="stmt"/>
        <line num="59" count="7" type="stmt"/>
        <line num="66" count="3" type="stmt"/>
        <line num="69" count="3" type="cond" truecount="1" falsecount="1"/>
        <line num="74" count="0" type="stmt"/>
        <line num="76" count="3" type="stmt"/>
      </file>
      <file name="create-error.ts" path="/Users/u1070457/Projects/Perso/HexDi/Result/packages/result/src/errors/create-error.ts">
        <metrics statements="2" coveredstatements="2" conditionals="0" coveredconditionals="0" methods="2" coveredmethods="2"/>
        <line num="25" count="9" type="stmt"/>
        <line num="28" count="12" type="stmt"/>
      </file>
    </package>
    <package name="result.src.fn">
      <metrics statements="25" coveredstatements="25" conditionals="0" coveredconditionals="0" methods="50" coveredmethods="50"/>
      <file name="and-then.ts" path="/Users/u1070457/Projects/Perso/HexDi/Result/packages/result/src/fn/and-then.ts">
        <metrics statements="1" coveredstatements="1" conditionals="0" coveredconditionals="0" methods="2" coveredmethods="2"/>
        <line num="4" count="5" type="stmt"/>
      </file>
      <file name="and.ts" path="/Users/u1070457/Projects/Perso/HexDi/Result/packages/result/src/fn/and.ts">
        <metrics statements="1" coveredstatements="1" conditionals="0" coveredconditionals="0" methods="2" coveredmethods="2"/>
        <line num="4" count="1" type="stmt"/>
      </file>
      <file name="contains-err.ts" path="/Users/u1070457/Projects/Perso/HexDi/Result/packages/result/src/fn/contains-err.ts">
        <metrics statements="1" coveredstatements="1" conditionals="0" coveredconditionals="0" methods="2" coveredmethods="2"/>
        <line num="4" count="2" type="stmt"/>
      </file>
      <file name="contains.ts" path="/Users/u1070457/Projects/Perso/HexDi/Result/packages/result/src/fn/contains.ts">
        <metrics statements="1" coveredstatements="1" conditionals="0" coveredconditionals="0" methods="2" coveredmethods="2"/>
        <line num="4" count="2" type="stmt"/>
      </file>
      <file name="flatten.ts" path="/Users/u1070457/Projects/Perso/HexDi/Result/packages/result/src/fn/flatten.ts">
        <metrics statements="1" coveredstatements="1" conditionals="0" coveredconditionals="0" methods="2" coveredmethods="2"/>
        <line num="5" count="1" type="stmt"/>
      </file>
      <file name="flip.ts" path="/Users/u1070457/Projects/Perso/HexDi/Result/packages/result/src/fn/flip.ts">
        <metrics statements="1" coveredstatements="1" conditionals="0" coveredconditionals="0" methods="2" coveredmethods="2"/>
        <line num="4" count="1" type="stmt"/>
      </file>
      <file name="index.ts" path="/Users/u1070457/Projects/Perso/HexDi/Result/packages/result/src/fn/index.ts">
        <metrics statements="0" coveredstatements="0" conditionals="0" coveredconditionals="0" methods="0" coveredmethods="0"/>
      </file>
      <file name="inspect-err.ts" path="/Users/u1070457/Projects/Perso/HexDi/Result/packages/result/src/fn/inspect-err.ts">
        <metrics statements="1" coveredstatements="1" conditionals="0" coveredconditionals="0" methods="2" coveredmethods="2"/>
        <line num="4" count="1" type="stmt"/>
      </file>
      <file name="inspect.ts" path="/Users/u1070457/Projects/Perso/HexDi/Result/packages/result/src/fn/inspect.ts">
        <metrics statements="1" coveredstatements="1" conditionals="0" coveredconditionals="0" methods="2" coveredmethods="2"/>
        <line num="4" count="1" type="stmt"/>
      </file>
      <file name="into-tuple.ts" path="/Users/u1070457/Projects/Perso/HexDi/Result/packages/result/src/fn/into-tuple.ts">
        <metrics statements="1" coveredstatements="1" conditionals="0" coveredconditionals="0" methods="2" coveredmethods="2"/>
        <line num="4" count="2" type="stmt"/>
      </file>
      <file name="map-both.ts" path="/Users/u1070457/Projects/Perso/HexDi/Result/packages/result/src/fn/map-both.ts">
        <metrics statements="1" coveredstatements="1" conditionals="0" coveredconditionals="0" methods="2" coveredmethods="2"/>
        <line num="4" count="2" type="stmt"/>
      </file>
      <file name="map-err.ts" path="/Users/u1070457/Projects/Perso/HexDi/Result/packages/result/src/fn/map-err.ts">
        <metrics statements="1" coveredstatements="1" conditionals="0" coveredconditionals="0" methods="2" coveredmethods="2"/>
        <line num="4" count="3" type="stmt"/>
      </file>
      <file name="map-or-else.ts" path="/Users/u1070457/Projects/Perso/HexDi/Result/packages/result/src/fn/map-or-else.ts">
        <metrics statements="1" coveredstatements="1" conditionals="0" coveredconditionals="0" methods="2" coveredmethods="2"/>
        <line num="4" count="2" type="stmt"/>
      </file>
      <file name="map-or.ts" path="/Users/u1070457/Projects/Perso/HexDi/Result/packages/result/src/fn/map-or.ts">
        <metrics statements="1" coveredstatements="1" conditionals="0" coveredconditionals="0" methods="2" coveredmethods="2"/>
        <line num="4" count="2" type="stmt"/>
      </file>
      <file name="map.ts" path="/Users/u1070457/Projects/Perso/HexDi/Result/packages/result/src/fn/map.ts">
        <metrics statements="1" coveredstatements="1" conditionals="0" coveredconditionals="0" methods="2" coveredmethods="2"/>
        <line num="4" count="13" type="stmt"/>
      </file>
      <file name="match.ts" path="/Users/u1070457/Projects/Perso/HexDi/Result/packages/result/src/fn/match.ts">
        <metrics statements="1" coveredstatements="1" conditionals="0" coveredconditionals="0" methods="2" coveredmethods="2"/>
        <line num="4" count="2" type="stmt"/>
      </file>
      <file name="merge.ts" path="/Users/u1070457/Projects/Perso/HexDi/Result/packages/result/src/fn/merge.ts">
        <metrics statements="1" coveredstatements="1" conditionals="0" coveredconditionals="0" methods="2" coveredmethods="2"/>
        <line num="4" count="2" type="stmt"/>
      </file>
      <file name="or-else.ts" path="/Users/u1070457/Projects/Perso/HexDi/Result/packages/result/src/fn/or-else.ts">
        <metrics statements="1" coveredstatements="1" conditionals="0" coveredconditionals="0" methods="2" coveredmethods="2"/>
        <line num="5" count="2" type="stmt"/>
      </file>
      <file name="or.ts" path="/Users/u1070457/Projects/Perso/HexDi/Result/packages/result/src/fn/or.ts">
        <metrics statements="1" coveredstatements="1" conditionals="0" coveredconditionals="0" methods="2" coveredmethods="2"/>
        <line num="5" count="1" type="stmt"/>
      </file>
      <file name="pipe.ts" path="/Users/u1070457/Projects/Perso/HexDi/Result/packages/result/src/fn/pipe.ts">
        <metrics statements="1" coveredstatements="1" conditionals="0" coveredconditionals="0" methods="2" coveredmethods="2"/>
        <line num="15" count="12" type="stmt"/>
      </file>
      <file name="to-json.ts" path="/Users/u1070457/Projects/Perso/HexDi/Result/packages/result/src/fn/to-json.ts">
        <metrics statements="1" coveredstatements="1" conditionals="0" coveredconditionals="0" methods="2" coveredmethods="2"/>
        <line num="4" count="2" type="stmt"/>
      </file>
      <file name="to-nullable.ts" path="/Users/u1070457/Projects/Perso/HexDi/Result/packages/result/src/fn/to-nullable.ts">
        <metrics statements="1" coveredstatements="1" conditionals="0" coveredconditionals="0" methods="2" coveredmethods="2"/>
        <line num="4" count="2" type="stmt"/>
      </file>
      <file name="to-option-err.ts" path="/Users/u1070457/Projects/Perso/HexDi/Result/packages/result/src/fn/to-option-err.ts">
        <metrics statements="1" coveredstatements="1" conditionals="0" coveredconditionals="0" methods="2" coveredmethods="2"/>
        <line num="5" count="1" type="stmt"/>
      </file>
      <file name="to-option.ts" path="/Users/u1070457/Projects/Perso/HexDi/Result/packages/result/src/fn/to-option.ts">
        <metrics statements="1" coveredstatements="1" conditionals="0" coveredconditionals="0" methods="2" coveredmethods="2"/>
        <line num="5" count="1" type="stmt"/>
      </file>
      <file name="to-undefined.ts" path="/Users/u1070457/Projects/Perso/HexDi/Result/packages/result/src/fn/to-undefined.ts">
        <metrics statements="1" coveredstatements="1" conditionals="0" coveredconditionals="0" methods="2" coveredmethods="2"/>
        <line num="4" count="2" type="stmt"/>
      </file>
      <file name="unwrap-or.ts" path="/Users/u1070457/Projects/Perso/HexDi/Result/packages/result/src/fn/unwrap-or.ts">
        <metrics statements="1" coveredstatements="1" conditionals="0" coveredconditionals="0" methods="2" coveredmethods="2"/>
        <line num="4" count="8" type="stmt"/>
      </file>
    </package>
    <package name="result.src.generators">
      <metrics statements="21" coveredstatements="21" conditionals="6" coveredconditionals="6" methods="6" coveredmethods="6"/>
      <file name="safe-try.ts" path="/Users/u1070457/Projects/Perso/HexDi/Result/packages/result/src/generators/safe-try.ts">
        <metrics statements="21" coveredstatements="21" conditionals="6" coveredconditionals="6" methods="6" coveredmethods="6"/>
        <line num="52" count="16" type="stmt"/>
        <line num="55" count="16" type="cond" truecount="2" falsecount="0"/>
        <line num="56" count="5" type="stmt"/>
        <line num="59" count="11" type="stmt"/>
        <line num="67" count="16" type="stmt"/>
        <line num="73" count="11" type="stmt"/>
        <line num="74" count="11" type="stmt"/>
        <line num="76" count="11" type="cond" truecount="2" falsecount="0"/>
        <line num="77" count="7" type="stmt"/>
        <line num="81" count="4" type="stmt"/>
        <line num="83" count="4" type="stmt"/>
        <line num="84" count="4" type="stmt"/>
        <line num="91" count="5" type="stmt"/>
        <line num="92" count="5" type="stmt"/>
        <line num="93" count="5" type="stmt"/>
        <line num="95" count="5" type="cond" truecount="2" falsecount="0"/>
        <line num="96" count="3" type="stmt"/>
        <line num="100" count="2" type="stmt"/>
        <line num="102" count="2" type="stmt"/>
        <line num="103" count="2" type="stmt"/>
        <line num="107" count="5" type="stmt"/>
      </file>
    </package>
    <package name="result.src.interop">
      <metrics statements="10" coveredstatements="10" conditionals="6" coveredconditionals="6" methods="3" coveredmethods="3"/>
      <file name="from-json.ts" path="/Users/u1070457/Projects/Perso/HexDi/Result/packages/result/src/interop/from-json.ts">
        <metrics statements="5" coveredstatements="5" conditionals="4" coveredconditionals="4" methods="1" coveredmethods="1"/>
        <line num="43" count="17" type="cond" truecount="2" falsecount="0"/>
        <line num="44" count="9" type="stmt"/>
        <line num="46" count="8" type="cond" truecount="2" falsecount="0"/>
        <line num="47" count="6" type="stmt"/>
        <line num="49" count="2" type="stmt"/>
      </file>
      <file name="to-schema.ts" path="/Users/u1070457/Projects/Perso/HexDi/Result/packages/result/src/interop/to-schema.ts">
        <metrics statements="5" coveredstatements="5" conditionals="2" coveredconditionals="2" methods="2" coveredmethods="2"/>
        <line num="53" count="2" type="stmt"/>
        <line num="58" count="4" type="stmt"/>
        <line num="59" count="4" type="cond" truecount="2" falsecount="0"/>
        <line num="60" count="1" type="stmt"/>
        <line num="62" count="3" type="stmt"/>
      </file>
    </package>
    <package name="result.src.option">
      <metrics statements="65" coveredstatements="65" conditionals="23" coveredconditionals="23" methods="41" coveredmethods="41"/>
      <file name="brand.ts" path="/Users/u1070457/Projects/Perso/HexDi/Result/packages/result/src/option/brand.ts">
        <metrics statements="1" coveredstatements="1" conditionals="0" coveredconditionals="0" methods="0" coveredmethods="0"/>
        <line num="22" count="27" type="stmt"/>
      </file>
      <file name="from-nullable.ts" path="/Users/u1070457/Projects/Perso/HexDi/Result/packages/result/src/option/from-nullable.ts">
        <metrics statements="3" coveredstatements="3" conditionals="4" coveredconditionals="4" methods="1" coveredmethods="1"/>
        <line num="10" count="7" type="cond" truecount="4" falsecount="0"/>
        <line num="11" count="2" type="stmt"/>
        <line num="13" count="5" type="stmt"/>
      </file>
      <file name="from-option-json.ts" path="/Users/u1070457/Projects/Perso/HexDi/Result/packages/result/src/option/from-option-json.ts">
        <metrics statements="5" coveredstatements="5" conditionals="4" coveredconditionals="4" methods="1" coveredmethods="1"/>
        <line num="44" count="11" type="cond" truecount="2" falsecount="0"/>
        <line num="45" count="6" type="stmt"/>
        <line num="47" count="5" type="cond" truecount="2" falsecount="0"/>
        <line num="48" count="4" type="stmt"/>
        <line num="50" count="1" type="stmt"/>
      </file>
      <file name="guards.ts" path="/Users/u1070457/Projects/Perso/HexDi/Result/packages/result/src/option/guards.ts">
        <metrics statements="3" coveredstatements="3" conditionals="5" coveredconditionals="5" methods="1" coveredmethods="1"/>
        <line num="25" count="17" type="cond" truecount="5" falsecount="0"/>
        <line num="26" count="4" type="stmt"/>
        <line num="28" count="13" type="stmt"/>
      </file>
      <file name="index.ts" path="/Users/u1070457/Projects/Perso/HexDi/Result/packages/result/src/option/index.ts">
        <metrics statements="0" coveredstatements="0" conditionals="0" coveredconditionals="0" methods="0" coveredmethods="0"/>
      </file>
      <file name="option.ts" path="/Users/u1070457/Projects/Perso/HexDi/Result/packages/result/src/option/option.ts">
        <metrics statements="53" coveredstatements="53" conditionals="10" coveredconditionals="10" methods="38" coveredmethods="38"/>
        <line num="35" count="69" type="stmt"/>
        <line num="42" count="33" type="stmt"/>
        <line num="45" count="1" type="stmt"/>
        <line num="48" count="2" type="stmt"/>
        <line num="53" count="1" type="stmt"/>
        <line num="56" count="2" type="cond" truecount="2" falsecount="0"/>
        <line num="59" count="2" type="stmt"/>
        <line num="62" count="2" type="cond" truecount="2" falsecount="0"/>
        <line num="63" count="1" type="stmt"/>
        <line num="65" count="1" type="stmt"/>
        <line num="68" count="2" type="cond" truecount="2" falsecount="0"/>
        <line num="69" count="1" type="stmt"/>
        <line num="71" count="1" type="stmt"/>
        <line num="76" count="2" type="stmt"/>
        <line num="79" count="1" type="stmt"/>
        <line num="84" count="1" type="stmt"/>
        <line num="87" count="1" type="stmt"/>
        <line num="90" count="1" type="stmt"/>
        <line num="95" count="1" type="stmt"/>
        <line num="98" count="1" type="stmt"/>
        <line num="101" count="1" type="stmt"/>
        <line num="106" count="4" type="stmt"/>
        <line num="111" count="2" type="stmt"/>
        <line num="112" count="2" type="cond" truecount="2" falsecount="0"/>
        <line num="113" count="1" type="stmt"/>
        <line num="116" count="1" type="stmt"/>
        <line num="120" count="69" type="stmt"/>
        <line num="121" count="69" type="stmt"/>
        <line num="125" count="27" type="stmt"/>
        <line num="147" count="53" type="cond" truecount="2" falsecount="0"/>
        <line num="148" count="46" type="stmt"/>
        <line num="151" count="7" type="stmt"/>
        <line num="157" count="2" type="stmt"/>
        <line num="160" count="7" type="stmt"/>
        <line num="163" count="1" type="stmt"/>
        <line num="168" count="1" type="stmt"/>
        <line num="171" count="1" type="stmt"/>
        <line num="174" count="1" type="stmt"/>
        <line num="177" count="2" type="stmt"/>
        <line num="180" count="1" type="stmt"/>
        <line num="185" count="1" type="stmt"/>
        <line num="188" count="2" type="stmt"/>
        <line num="193" count="1" type="stmt"/>
        <line num="196" count="1" type="stmt"/>
        <line num="199" count="2" type="stmt"/>
        <line num="204" count="1" type="stmt"/>
        <line num="207" count="1" type="stmt"/>
        <line num="210" count="1" type="stmt"/>
        <line num="215" count="4" type="stmt"/>
        <line num="220" count="1" type="stmt"/>
        <line num="224" count="7" type="stmt"/>
        <line num="225" count="7" type="stmt"/>
        <line num="226" count="7" type="stmt"/>
      </file>
    </package>
    <package name="result.src.unsafe">
      <metrics statements="9" coveredstatements="9" conditionals="4" coveredconditionals="4" methods="3" coveredmethods="3"/>
      <file name="index.ts" path="/Users/u1070457/Projects/Perso/HexDi/Result/packages/result/src/unsafe/index.ts">
        <metrics statements="0" coveredstatements="0" conditionals="0" coveredconditionals="0" methods="0" coveredmethods="0"/>
      </file>
      <file name="unwrap-error.ts" path="/Users/u1070457/Projects/Perso/HexDi/Result/packages/result/src/unsafe/unwrap-error.ts">
        <metrics statements="3" coveredstatements="3" conditionals="0" coveredconditionals="0" methods="1" coveredmethods="1"/>
        <line num="38" count="19" type="stmt"/>
        <line num="39" count="19" type="stmt"/>
        <line num="40" count="19" type="stmt"/>
      </file>
      <file name="unwrap.ts" path="/Users/u1070457/Projects/Perso/HexDi/Result/packages/result/src/unsafe/unwrap.ts">
        <metrics statements="6" coveredstatements="6" conditionals="4" coveredconditionals="4" methods="2" coveredmethods="2"/>
        <line num="23" count="4" type="cond" truecount="2" falsecount="0"/>
        <line num="24" count="1" type="stmt"/>
        <line num="26" count="3" type="stmt"/>
        <line num="51" count="3" type="cond" truecount="2" falsecount="0"/>
        <line num="52" count="1" type="stmt"/>
        <line num="54" count="2" type="stmt"/>
      </file>
    </package>
  </project>
</coverage>
