{"/Users/u1070457/Projects/Perso/HexDi/Result/packages/result/package.json": {"path":"/Users/u1070457/Projects/Perso/HexDi/Result/packages/result/package.json","statementMap":{},"fnMap":{},"branchMap":{},"s":{},"f":{},"b":{},"meta":{"lastBranch":0,"lastFunction":0,"lastStatement":0,"seen":{}}}
,"/Users/u1070457/Projects/Perso/HexDi/Result/packages/result/src/index.ts": {"path":"/Users/u1070457/Projects/Perso/HexDi/Result/packages/result/src/index.ts","statementMap":{},"fnMap":{},"branchMap":{},"s":{},"f":{},"b":{},"meta":{"lastBranch":0,"lastFunction":0,"lastStatement":0,"seen":{}}}
,"/Users/u1070457/Projects/Perso/HexDi/Result/packages/result/src/async/result-async.ts": {"path":"/Users/u1070457/Projects/Perso/HexDi/Result/packages/result/src/async/result-async.ts","statementMap":{"0":{"start":{"line":14,"column":2},"end":{"line":16,"column":null}},"1":{"start":{"line":15,"column":4},"end":{"line":15,"column":null}},"2":{"start":{"line":18,"column":2},"end":{"line":18,"column":null}},"3":{"start":{"line":18,"column":38},"end":{"line":18,"column":43}},"4":{"start":{"line":23,"column":2},"end":{"line":25,"column":null}},"5":{"start":{"line":24,"column":4},"end":{"line":24,"column":null}},"6":{"start":{"line":26,"column":2},"end":{"line":26,"column":null}},"7":{"start":{"line":222,"column":15},"end":{"line":222,"column":null}},"8":{"start":{"line":223,"column":22},"end":{"line":223,"column":null}},"9":{"start":{"line":224,"column":15},"end":{"line":224,"column":null}},"10":{"start":{"line":225,"column":19},"end":{"line":225,"column":null}},"11":{"start":{"line":226,"column":21},"end":{"line":226,"column":null}},"12":{"start":{"line":227,"column":19},"end":{"line":227,"column":null}},"13":{"start":{"line":228,"column":27},"end":{"line":228,"column":null}},"14":{"start":{"line":58,"column":4},"end":{"line":58,"column":null}},"15":{"start":{"line":78,"column":4},"end":{"line":78,"column":null}},"16":{"start":{"line":96,"column":4},"end":{"line":96,"column":null}},"17":{"start":{"line":118,"column":4},"end":{"line":123,"column":null}},"18":{"start":{"line":120,"column":9},"end":{"line":120,"column":null}},"19":{"start":{"line":121,"column":9},"end":{"line":121,"column":null}},"20":{"start":{"line":144,"column":4},"end":{"line":144,"column":null}},"21":{"start":{"line":144,"column":40},"end":{"line":144,"column":58}},"22":{"start":{"line":162,"column":4},"end":{"line":162,"column":null}},"23":{"start":{"line":191,"column":4},"end":{"line":191,"column":null}},"24":{"start":{"line":191,"column":27},"end":{"line":191,"column":null}},"25":{"start":{"line":197,"column":4},"end":{"line":207,"column":null}},"26":{"start":{"line":199,"column":8},"end":{"line":205,"column":null}},"27":{"start":{"line":200,"column":10},"end":{"line":204,"column":null}},"28":{"start":{"line":201,"column":12},"end":{"line":201,"column":null}},"29":{"start":{"line":203,"column":12},"end":{"line":203,"column":null}},"30":{"start":{"line":213,"column":4},"end":{"line":217,"column":null}},"31":{"start":{"line":214,"column":38},"end":{"line":214,"column":48}},"32":{"start":{"line":236,"column":4},"end":{"line":236,"column":null}},"33":{"start":{"line":242,"column":4},"end":{"line":249,"column":null}},"34":{"start":{"line":244,"column":8},"end":{"line":246,"column":null}},"35":{"start":{"line":245,"column":10},"end":{"line":245,"column":null}},"36":{"start":{"line":247,"column":8},"end":{"line":247,"column":null}},"37":{"start":{"line":253,"column":4},"end":{"line":260,"column":null}},"38":{"start":{"line":255,"column":8},"end":{"line":257,"column":null}},"39":{"start":{"line":256,"column":10},"end":{"line":256,"column":null}},"40":{"start":{"line":258,"column":8},"end":{"line":258,"column":null}},"41":{"start":{"line":267,"column":4},"end":{"line":274,"column":null}},"42":{"start":{"line":269,"column":8},"end":{"line":271,"column":null}},"43":{"start":{"line":270,"column":10},"end":{"line":270,"column":null}},"44":{"start":{"line":272,"column":8},"end":{"line":272,"column":null}},"45":{"start":{"line":284,"column":4},"end":{"line":292,"column":null}},"46":{"start":{"line":286,"column":8},"end":{"line":288,"column":null}},"47":{"start":{"line":287,"column":10},"end":{"line":287,"column":null}},"48":{"start":{"line":289,"column":21},"end":{"line":289,"column":null}},"49":{"start":{"line":290,"column":8},"end":{"line":290,"column":null}},"50":{"start":{"line":300,"column":4},"end":{"line":308,"column":null}},"51":{"start":{"line":302,"column":8},"end":{"line":304,"column":null}},"52":{"start":{"line":303,"column":10},"end":{"line":303,"column":null}},"53":{"start":{"line":305,"column":21},"end":{"line":305,"column":null}},"54":{"start":{"line":306,"column":8},"end":{"line":306,"column":null}},"55":{"start":{"line":312,"column":4},"end":{"line":323,"column":null}},"56":{"start":{"line":314,"column":8},"end":{"line":320,"column":null}},"57":{"start":{"line":315,"column":10},"end":{"line":319,"column":null}},"58":{"start":{"line":316,"column":12},"end":{"line":316,"column":null}},"59":{"start":{"line":321,"column":8},"end":{"line":321,"column":null}},"60":{"start":{"line":327,"column":4},"end":{"line":338,"column":null}},"61":{"start":{"line":329,"column":8},"end":{"line":335,"column":null}},"62":{"start":{"line":330,"column":10},"end":{"line":334,"column":null}},"63":{"start":{"line":331,"column":12},"end":{"line":331,"column":null}},"64":{"start":{"line":336,"column":8},"end":{"line":336,"column":null}},"65":{"start":{"line":344,"column":4},"end":{"line":355,"column":null}},"66":{"start":{"line":346,"column":8},"end":{"line":348,"column":null}},"67":{"start":{"line":347,"column":10},"end":{"line":347,"column":null}},"68":{"start":{"line":349,"column":27},"end":{"line":349,"column":null}},"69":{"start":{"line":350,"column":8},"end":{"line":352,"column":null}},"70":{"start":{"line":351,"column":10},"end":{"line":351,"column":null}},"71":{"start":{"line":353,"column":8},"end":{"line":353,"column":null}},"72":{"start":{"line":359,"column":4},"end":{"line":366,"column":null}},"73":{"start":{"line":361,"column":8},"end":{"line":363,"column":null}},"74":{"start":{"line":362,"column":10},"end":{"line":362,"column":null}},"75":{"start":{"line":364,"column":8},"end":{"line":364,"column":null}},"76":{"start":{"line":370,"column":4},"end":{"line":377,"column":null}},"77":{"start":{"line":372,"column":8},"end":{"line":374,"column":null}},"78":{"start":{"line":373,"column":10},"end":{"line":373,"column":null}},"79":{"start":{"line":375,"column":8},"end":{"line":375,"column":null}},"80":{"start":{"line":386,"column":19},"end":{"line":386,"column":null}},"81":{"start":{"line":387,"column":4},"end":{"line":389,"column":null}},"82":{"start":{"line":388,"column":6},"end":{"line":388,"column":null}},"83":{"start":{"line":390,"column":4},"end":{"line":390,"column":null}},"84":{"start":{"line":394,"column":19},"end":{"line":394,"column":null}},"85":{"start":{"line":395,"column":4},"end":{"line":397,"column":null}},"86":{"start":{"line":396,"column":6},"end":{"line":396,"column":null}},"87":{"start":{"line":398,"column":4},"end":{"line":398,"column":null}},"88":{"start":{"line":402,"column":19},"end":{"line":402,"column":null}},"89":{"start":{"line":403,"column":4},"end":{"line":405,"column":null}},"90":{"start":{"line":404,"column":6},"end":{"line":404,"column":null}},"91":{"start":{"line":406,"column":4},"end":{"line":406,"column":null}},"92":{"start":{"line":410,"column":19},"end":{"line":410,"column":null}},"93":{"start":{"line":411,"column":4},"end":{"line":411,"column":null}},"94":{"start":{"line":415,"column":19},"end":{"line":415,"column":null}},"95":{"start":{"line":416,"column":4},"end":{"line":416,"column":null}},"96":{"start":{"line":420,"column":19},"end":{"line":420,"column":null}},"97":{"start":{"line":421,"column":4},"end":{"line":423,"column":null}},"98":{"start":{"line":422,"column":6},"end":{"line":422,"column":null}},"99":{"start":{"line":424,"column":4},"end":{"line":424,"column":null}},"100":{"start":{"line":428,"column":19},"end":{"line":428,"column":null}},"101":{"start":{"line":429,"column":4},"end":{"line":431,"column":null}},"102":{"start":{"line":430,"column":6},"end":{"line":430,"column":null}},"103":{"start":{"line":432,"column":4},"end":{"line":432,"column":null}},"104":{"start":{"line":438,"column":4},"end":{"line":445,"column":null}},"105":{"start":{"line":440,"column":8},"end":{"line":442,"column":null}},"106":{"start":{"line":441,"column":10},"end":{"line":441,"column":null}},"107":{"start":{"line":443,"column":8},"end":{"line":443,"column":null}},"108":{"start":{"line":449,"column":4},"end":{"line":456,"column":null}},"109":{"start":{"line":451,"column":8},"end":{"line":453,"column":null}},"110":{"start":{"line":452,"column":10},"end":{"line":452,"column":null}},"111":{"start":{"line":454,"column":8},"end":{"line":454,"column":null}},"112":{"start":{"line":460,"column":19},"end":{"line":460,"column":null}},"113":{"start":{"line":461,"column":4},"end":{"line":461,"column":null}},"114":{"start":{"line":466,"column":0},"end":{"line":470,"column":null}}},"fnMap":{"0":{"name":"toPromiseResult","decl":{"start":{"line":13,"column":9},"end":{"line":13,"column":31}},"loc":{"start":{"line":13,"column":99},"end":{"line":19,"column":null}},"line":13},"1":{"name":"(anonymous_1)","decl":{"start":{"line":18,"column":32},"end":{"line":18,"column":38}},"loc":{"start":{"line":18,"column":38},"end":{"line":18,"column":43}},"line":18},"2":{"name":"resolveValue","decl":{"start":{"line":22,"column":15},"end":{"line":22,"column":31}},"loc":{"start":{"line":22,"column":66},"end":{"line":27,"column":null}},"line":22},"3":{"name":"(anonymous_3)","decl":{"start":{"line":57,"column":10},"end":{"line":57,"column":22}},"loc":{"start":{"line":57,"column":54},"end":{"line":59,"column":null}},"line":57},"4":{"name":"(anonymous_4)","decl":{"start":{"line":77,"column":9},"end":{"line":77,"column":15}},"loc":{"start":{"line":77,"column":48},"end":{"line":79,"column":null}},"line":77},"5":{"name":"(anonymous_5)","decl":{"start":{"line":95,"column":9},"end":{"line":95,"column":16}},"loc":{"start":{"line":95,"column":49},"end":{"line":97,"column":null}},"line":95},"6":{"name":"(anonymous_6)","decl":{"start":{"line":117,"column":9},"end":{"line":117,"column":27}},"loc":{"start":{"line":117,"column":98},"end":{"line":124,"column":null}},"line":117},"7":{"name":"(anonymous_7)","decl":{"start":{"line":120,"column":8},"end":{"line":120,"column":9}},"loc":{"start":{"line":120,"column":9},"end":{"line":120,"column":null}},"line":120},"8":{"name":"(anonymous_8)","decl":{"start":{"line":121,"column":8},"end":{"line":121,"column":9}},"loc":{"start":{"line":121,"column":9},"end":{"line":121,"column":null}},"line":121},"9":{"name":"(anonymous_9)","decl":{"start":{"line":143,"column":9},"end":{"line":143,"column":28}},"loc":{"start":{"line":143,"column":72},"end":{"line":145,"column":null}},"line":143},"10":{"name":"(anonymous_10)","decl":{"start":{"line":144,"column":40},"end":{"line":144,"column":49}},"loc":{"start":{"line":144,"column":40},"end":{"line":144,"column":58}},"line":144},"11":{"name":"(anonymous_11)","decl":{"start":{"line":161,"column":9},"end":{"line":161,"column":26}},"loc":{"start":{"line":161,"column":77},"end":{"line":163,"column":null}},"line":161},"12":{"name":"(anonymous_12)","decl":{"start":{"line":187,"column":9},"end":{"line":187,"column":null}},"loc":{"start":{"line":190,"column":39},"end":{"line":192,"column":null}},"line":190},"13":{"name":"(anonymous_13)","decl":{"start":{"line":191,"column":11},"end":{"line":191,"column":15}},"loc":{"start":{"line":191,"column":27},"end":{"line":191,"column":null}},"line":191},"14":{"name":"(anonymous_14)","decl":{"start":{"line":194,"column":9},"end":{"line":194,"column":null}},"loc":{"start":{"line":196,"column":23},"end":{"line":208,"column":null}},"line":196},"15":{"name":"(anonymous_15)","decl":{"start":{"line":198,"column":32},"end":{"line":198,"column":33}},"loc":{"start":{"line":198,"column":45},"end":{"line":206,"column":7}},"line":198},"16":{"name":"(anonymous_16)","decl":{"start":{"line":199,"column":11},"end":{"line":199,"column":12}},"loc":{"start":{"line":199,"column":29},"end":{"line":205,"column":9}},"line":199},"17":{"name":"(anonymous_17)","decl":{"start":{"line":210,"column":9},"end":{"line":210,"column":null}},"loc":{"start":{"line":212,"column":52},"end":{"line":218,"column":null}},"line":212},"18":{"name":"(anonymous_18)","decl":{"start":{"line":214,"column":31},"end":{"line":214,"column":32}},"loc":{"start":{"line":214,"column":38},"end":{"line":214,"column":48}},"line":214},"19":{"name":"(anonymous_19)","decl":{"start":{"line":232,"column":2},"end":{"line":232,"column":null}},"loc":{"start":{"line":235,"column":24},"end":{"line":237,"column":null}},"line":235},"20":{"name":"(anonymous_20)","decl":{"start":{"line":241,"column":2},"end":{"line":241,"column":9}},"loc":{"start":{"line":241,"column":61},"end":{"line":250,"column":null}},"line":241},"21":{"name":"(anonymous_21)","decl":{"start":{"line":243,"column":25},"end":{"line":243,"column":32}},"loc":{"start":{"line":243,"column":66},"end":{"line":248,"column":7}},"line":243},"22":{"name":"(anonymous_22)","decl":{"start":{"line":252,"column":2},"end":{"line":252,"column":12}},"loc":{"start":{"line":252,"column":64},"end":{"line":261,"column":null}},"line":252},"23":{"name":"(anonymous_23)","decl":{"start":{"line":254,"column":25},"end":{"line":254,"column":32}},"loc":{"start":{"line":254,"column":66},"end":{"line":259,"column":7}},"line":254},"24":{"name":"(anonymous_24)","decl":{"start":{"line":263,"column":2},"end":{"line":263,"column":null}},"loc":{"start":{"line":266,"column":23},"end":{"line":275,"column":null}},"line":266},"25":{"name":"(anonymous_25)","decl":{"start":{"line":268,"column":25},"end":{"line":268,"column":32}},"loc":{"start":{"line":268,"column":66},"end":{"line":273,"column":7}},"line":268},"26":{"name":"(anonymous_26)","decl":{"start":{"line":283,"column":2},"end":{"line":283,"column":16}},"loc":{"start":{"line":283,"column":94},"end":{"line":293,"column":null}},"line":283},"27":{"name":"(anonymous_27)","decl":{"start":{"line":285,"column":25},"end":{"line":285,"column":32}},"loc":{"start":{"line":285,"column":70},"end":{"line":291,"column":7}},"line":285},"28":{"name":"(anonymous_28)","decl":{"start":{"line":299,"column":2},"end":{"line":299,"column":15}},"loc":{"start":{"line":299,"column":93},"end":{"line":309,"column":null}},"line":299},"29":{"name":"(anonymous_29)","decl":{"start":{"line":301,"column":25},"end":{"line":301,"column":32}},"loc":{"start":{"line":301,"column":70},"end":{"line":307,"column":7}},"line":301},"30":{"name":"(anonymous_30)","decl":{"start":{"line":311,"column":2},"end":{"line":311,"column":9}},"loc":{"start":{"line":311,"column":67},"end":{"line":324,"column":null}},"line":311},"31":{"name":"(anonymous_31)","decl":{"start":{"line":313,"column":25},"end":{"line":313,"column":31}},"loc":{"start":{"line":313,"column":41},"end":{"line":322,"column":7}},"line":313},"32":{"name":"(anonymous_32)","decl":{"start":{"line":326,"column":2},"end":{"line":326,"column":8}},"loc":{"start":{"line":326,"column":66},"end":{"line":339,"column":null}},"line":326},"33":{"name":"(anonymous_33)","decl":{"start":{"line":328,"column":25},"end":{"line":328,"column":31}},"loc":{"start":{"line":328,"column":41},"end":{"line":337,"column":7}},"line":328},"34":{"name":"(anonymous_34)","decl":{"start":{"line":341,"column":2},"end":{"line":341,"column":null}},"loc":{"start":{"line":343,"column":27},"end":{"line":356,"column":null}},"line":343},"35":{"name":"(anonymous_35)","decl":{"start":{"line":345,"column":25},"end":{"line":345,"column":32}},"loc":{"start":{"line":345,"column":70},"end":{"line":354,"column":7}},"line":345},"36":{"name":"(anonymous_36)","decl":{"start":{"line":358,"column":2},"end":{"line":358,"column":10}},"loc":{"start":{"line":358,"column":52},"end":{"line":367,"column":null}},"line":358},"37":{"name":"(anonymous_37)","decl":{"start":{"line":360,"column":25},"end":{"line":360,"column":35}},"loc":{"start":{"line":360,"column":35},"end":{"line":365,"column":7}},"line":360},"38":{"name":"(anonymous_38)","decl":{"start":{"line":369,"column":2},"end":{"line":369,"column":13}},"loc":{"start":{"line":369,"column":55},"end":{"line":378,"column":null}},"line":369},"39":{"name":"(anonymous_39)","decl":{"start":{"line":371,"column":25},"end":{"line":371,"column":35}},"loc":{"start":{"line":371,"column":35},"end":{"line":376,"column":7}},"line":371},"40":{"name":"(anonymous_40)","decl":{"start":{"line":382,"column":8},"end":{"line":382,"column":null}},"loc":{"start":{"line":385,"column":20},"end":{"line":391,"column":null}},"line":385},"41":{"name":"(anonymous_41)","decl":{"start":{"line":393,"column":8},"end":{"line":393,"column":20}},"loc":{"start":{"line":393,"column":53},"end":{"line":399,"column":null}},"line":393},"42":{"name":"(anonymous_42)","decl":{"start":{"line":401,"column":8},"end":{"line":401,"column":24}},"loc":{"start":{"line":401,"column":60},"end":{"line":407,"column":null}},"line":401},"43":{"name":"(anonymous_43)","decl":{"start":{"line":409,"column":8},"end":{"line":409,"column":40}},"loc":{"start":{"line":409,"column":40},"end":{"line":412,"column":null}},"line":409},"44":{"name":"(anonymous_44)","decl":{"start":{"line":414,"column":8},"end":{"line":414,"column":46}},"loc":{"start":{"line":414,"column":46},"end":{"line":417,"column":null}},"line":414},"45":{"name":"(anonymous_45)","decl":{"start":{"line":419,"column":8},"end":{"line":419,"column":52}},"loc":{"start":{"line":419,"column":52},"end":{"line":425,"column":null}},"line":419},"46":{"name":"(anonymous_46)","decl":{"start":{"line":427,"column":8},"end":{"line":427,"column":32}},"loc":{"start":{"line":427,"column":32},"end":{"line":433,"column":null}},"line":427},"47":{"name":"(anonymous_47)","decl":{"start":{"line":437,"column":2},"end":{"line":437,"column":68}},"loc":{"start":{"line":437,"column":68},"end":{"line":446,"column":null}},"line":437},"48":{"name":"(anonymous_48)","decl":{"start":{"line":439,"column":25},"end":{"line":439,"column":26}},"loc":{"start":{"line":439,"column":51},"end":{"line":444,"column":7}},"line":439},"49":{"name":"(anonymous_49)","decl":{"start":{"line":448,"column":2},"end":{"line":448,"column":28}},"loc":{"start":{"line":448,"column":28},"end":{"line":457,"column":null}},"line":448},"50":{"name":"(anonymous_50)","decl":{"start":{"line":450,"column":25},"end":{"line":450,"column":26}},"loc":{"start":{"line":450,"column":51},"end":{"line":455,"column":7}},"line":450},"51":{"name":"(anonymous_51)","decl":{"start":{"line":459,"column":8},"end":{"line":459,"column":118}},"loc":{"start":{"line":459,"column":118},"end":{"line":462,"column":null}},"line":459}},"branchMap":{"0":{"loc":{"start":{"line":14,"column":2},"end":{"line":16,"column":null}},"type":"if","locations":[{"start":{"line":14,"column":2},"end":{"line":16,"column":null}},{"start":{},"end":{}}],"line":14},"1":{"loc":{"start":{"line":23,"column":2},"end":{"line":25,"column":null}},"type":"if","locations":[{"start":{"line":23,"column":2},"end":{"line":25,"column":null}},{"start":{},"end":{}}],"line":23},"2":{"loc":{"start":{"line":200,"column":10},"end":{"line":204,"column":null}},"type":"if","locations":[{"start":{"line":200,"column":10},"end":{"line":204,"column":null}},{"start":{"line":202,"column":17},"end":{"line":204,"column":null}}],"line":200},"3":{"loc":{"start":{"line":200,"column":14},"end":{"line":200,"column":53}},"type":"binary-expr","locations":[{"start":{"line":200,"column":14},"end":{"line":200,"column":32}},{"start":{"line":200,"column":32},"end":{"line":200,"column":53}}],"line":200},"4":{"loc":{"start":{"line":244,"column":8},"end":{"line":246,"column":null}},"type":"if","locations":[{"start":{"line":244,"column":8},"end":{"line":246,"column":null}},{"start":{},"end":{}}],"line":244},"5":{"loc":{"start":{"line":255,"column":8},"end":{"line":257,"column":null}},"type":"if","locations":[{"start":{"line":255,"column":8},"end":{"line":257,"column":null}},{"start":{},"end":{}}],"line":255},"6":{"loc":{"start":{"line":269,"column":8},"end":{"line":271,"column":null}},"type":"if","locations":[{"start":{"line":269,"column":8},"end":{"line":271,"column":null}},{"start":{},"end":{}}],"line":269},"7":{"loc":{"start":{"line":286,"column":8},"end":{"line":288,"column":null}},"type":"if","locations":[{"start":{"line":286,"column":8},"end":{"line":288,"column":null}},{"start":{},"end":{}}],"line":286},"8":{"loc":{"start":{"line":302,"column":8},"end":{"line":304,"column":null}},"type":"if","locations":[{"start":{"line":302,"column":8},"end":{"line":304,"column":null}},{"start":{},"end":{}}],"line":302},"9":{"loc":{"start":{"line":314,"column":8},"end":{"line":320,"column":null}},"type":"if","locations":[{"start":{"line":314,"column":8},"end":{"line":320,"column":null}},{"start":{},"end":{}}],"line":314},"10":{"loc":{"start":{"line":329,"column":8},"end":{"line":335,"column":null}},"type":"if","locations":[{"start":{"line":329,"column":8},"end":{"line":335,"column":null}},{"start":{},"end":{}}],"line":329},"11":{"loc":{"start":{"line":346,"column":8},"end":{"line":348,"column":null}},"type":"if","locations":[{"start":{"line":346,"column":8},"end":{"line":348,"column":null}},{"start":{},"end":{}}],"line":346},"12":{"loc":{"start":{"line":350,"column":8},"end":{"line":352,"column":null}},"type":"if","locations":[{"start":{"line":350,"column":8},"end":{"line":352,"column":null}},{"start":{},"end":{}}],"line":350},"13":{"loc":{"start":{"line":361,"column":8},"end":{"line":363,"column":null}},"type":"if","locations":[{"start":{"line":361,"column":8},"end":{"line":363,"column":null}},{"start":{},"end":{}}],"line":361},"14":{"loc":{"start":{"line":372,"column":8},"end":{"line":374,"column":null}},"type":"if","locations":[{"start":{"line":372,"column":8},"end":{"line":374,"column":null}},{"start":{},"end":{}}],"line":372},"15":{"loc":{"start":{"line":387,"column":4},"end":{"line":389,"column":null}},"type":"if","locations":[{"start":{"line":387,"column":4},"end":{"line":389,"column":null}},{"start":{},"end":{}}],"line":387},"16":{"loc":{"start":{"line":395,"column":4},"end":{"line":397,"column":null}},"type":"if","locations":[{"start":{"line":395,"column":4},"end":{"line":397,"column":null}},{"start":{},"end":{}}],"line":395},"17":{"loc":{"start":{"line":403,"column":4},"end":{"line":405,"column":null}},"type":"if","locations":[{"start":{"line":403,"column":4},"end":{"line":405,"column":null}},{"start":{},"end":{}}],"line":403},"18":{"loc":{"start":{"line":411,"column":11},"end":{"line":411,"column":null}},"type":"cond-expr","locations":[{"start":{"line":411,"column":34},"end":{"line":411,"column":49}},{"start":{"line":411,"column":49},"end":{"line":411,"column":null}}],"line":411},"19":{"loc":{"start":{"line":416,"column":11},"end":{"line":416,"column":null}},"type":"cond-expr","locations":[{"start":{"line":416,"column":34},"end":{"line":416,"column":49}},{"start":{"line":416,"column":49},"end":{"line":416,"column":null}}],"line":416},"20":{"loc":{"start":{"line":421,"column":4},"end":{"line":423,"column":null}},"type":"if","locations":[{"start":{"line":421,"column":4},"end":{"line":423,"column":null}},{"start":{},"end":{}}],"line":421},"21":{"loc":{"start":{"line":429,"column":4},"end":{"line":431,"column":null}},"type":"if","locations":[{"start":{"line":429,"column":4},"end":{"line":431,"column":null}},{"start":{},"end":{}}],"line":429},"22":{"loc":{"start":{"line":440,"column":8},"end":{"line":442,"column":null}},"type":"if","locations":[{"start":{"line":440,"column":8},"end":{"line":442,"column":null}},{"start":{},"end":{}}],"line":440},"23":{"loc":{"start":{"line":451,"column":8},"end":{"line":453,"column":null}},"type":"if","locations":[{"start":{"line":451,"column":8},"end":{"line":453,"column":null}},{"start":{},"end":{}}],"line":451}},"s":{"0":16,"1":14,"2":2,"3":2,"4":11,"5":5,"6":6,"7":26,"8":26,"9":26,"10":26,"11":26,"12":26,"13":26,"14":152,"15":48,"16":30,"17":11,"18":5,"19":6,"20":11,"21":9,"22":2,"23":3,"24":3,"25":3,"26":3,"27":3,"28":1,"29":2,"30":2,"31":4,"32":77,"33":3,"34":3,"35":1,"36":2,"37":2,"38":2,"39":1,"40":1,"41":3,"42":3,"43":2,"44":1,"45":13,"46":13,"47":1,"48":12,"49":12,"50":2,"51":2,"52":1,"53":1,"54":1,"55":5,"56":5,"57":4,"58":4,"59":5,"60":4,"61":4,"62":3,"63":3,"64":4,"65":4,"66":4,"67":1,"68":3,"69":3,"70":1,"71":2,"72":2,"73":2,"74":1,"75":2,"76":2,"77":2,"78":1,"79":2,"80":2,"81":2,"82":1,"83":1,"84":2,"85":2,"86":1,"87":1,"88":2,"89":2,"90":1,"91":1,"92":2,"93":2,"94":2,"95":2,"96":2,"97":2,"98":1,"99":1,"100":2,"101":2,"102":1,"103":1,"104":3,"105":3,"106":1,"107":2,"108":2,"109":2,"110":1,"111":1,"112":2,"113":2,"114":26},"f":{"0":16,"1":2,"2":11,"3":152,"4":26,"5":26,"6":26,"7":5,"8":6,"9":26,"10":9,"11":26,"12":26,"13":3,"14":26,"15":3,"16":3,"17":26,"18":4,"19":77,"20":3,"21":3,"22":2,"23":2,"24":3,"25":3,"26":13,"27":13,"28":2,"29":2,"30":5,"31":5,"32":4,"33":4,"34":4,"35":4,"36":2,"37":2,"38":2,"39":2,"40":2,"41":2,"42":2,"43":2,"44":2,"45":2,"46":2,"47":3,"48":3,"49":2,"50":2,"51":2},"b":{"0":[14,2],"1":[5,6],"2":[1,2],"3":[3,1],"4":[1,2],"5":[1,1],"6":[2,1],"7":[1,12],"8":[1,1],"9":[4,1],"10":[3,1],"11":[1,3],"12":[1,2],"13":[1,1],"14":[1,1],"15":[1,1],"16":[1,1],"17":[1,1],"18":[1,1],"19":[1,1],"20":[1,1],"21":[1,1],"22":[1,2],"23":[1,1]},"meta":{"lastBranch":24,"lastFunction":52,"lastStatement":115,"seen":{"f:13:9:13:31":0,"b:14:2:16:Infinity:undefined:undefined:undefined:undefined":0,"s:14:2:16:Infinity":0,"s:15:4:15:Infinity":1,"s:18:2:18:Infinity":2,"f:18:32:18:38":1,"s:18:38:18:43":3,"f:22:15:22:31":2,"b:23:2:25:Infinity:undefined:undefined:undefined:undefined":1,"s:23:2:25:Infinity":4,"s:24:4:24:Infinity":5,"s:26:2:26:Infinity":6,"s:222:15:222:Infinity":7,"s:223:22:223:Infinity":8,"s:224:15:224:Infinity":9,"s:225:19:225:Infinity":10,"s:226:21:226:Infinity":11,"s:227:19:227:Infinity":12,"s:228:27:228:Infinity":13,"f:57:10:57:22":3,"s:58:4:58:Infinity":14,"f:77:9:77:15":4,"s:78:4:78:Infinity":15,"f:95:9:95:16":5,"s:96:4:96:Infinity":16,"f:117:9:117:27":6,"s:118:4:123:Infinity":17,"f:120:8:120:9":7,"s:120:9:120:Infinity":18,"f:121:8:121:9":8,"s:121:9:121:Infinity":19,"f:143:9:143:28":9,"s:144:4:144:Infinity":20,"f:144:40:144:49":10,"s:144:40:144:58":21,"f:161:9:161:26":11,"s:162:4:162:Infinity":22,"f:187:9:187:Infinity":12,"s:191:4:191:Infinity":23,"f:191:11:191:15":13,"s:191:27:191:Infinity":24,"f:194:9:194:Infinity":14,"s:197:4:207:Infinity":25,"f:198:32:198:33":15,"s:199:8:205:Infinity":26,"f:199:11:199:12":16,"b:200:10:204:Infinity:202:17:204:Infinity":2,"s:200:10:204:Infinity":27,"b:200:14:200:32:200:32:200:53":3,"s:201:12:201:Infinity":28,"s:203:12:203:Infinity":29,"f:210:9:210:Infinity":17,"s:213:4:217:Infinity":30,"f:214:31:214:32":18,"s:214:38:214:48":31,"f:232:2:232:Infinity":19,"s:236:4:236:Infinity":32,"f:241:2:241:9":20,"s:242:4:249:Infinity":33,"f:243:25:243:32":21,"b:244:8:246:Infinity:undefined:undefined:undefined:undefined":4,"s:244:8:246:Infinity":34,"s:245:10:245:Infinity":35,"s:247:8:247:Infinity":36,"f:252:2:252:12":22,"s:253:4:260:Infinity":37,"f:254:25:254:32":23,"b:255:8:257:Infinity:undefined:undefined:undefined:undefined":5,"s:255:8:257:Infinity":38,"s:256:10:256:Infinity":39,"s:258:8:258:Infinity":40,"f:263:2:263:Infinity":24,"s:267:4:274:Infinity":41,"f:268:25:268:32":25,"b:269:8:271:Infinity:undefined:undefined:undefined:undefined":6,"s:269:8:271:Infinity":42,"s:270:10:270:Infinity":43,"s:272:8:272:Infinity":44,"f:283:2:283:16":26,"s:284:4:292:Infinity":45,"f:285:25:285:32":27,"b:286:8:288:Infinity:undefined:undefined:undefined:undefined":7,"s:286:8:288:Infinity":46,"s:287:10:287:Infinity":47,"s:289:21:289:Infinity":48,"s:290:8:290:Infinity":49,"f:299:2:299:15":28,"s:300:4:308:Infinity":50,"f:301:25:301:32":29,"b:302:8:304:Infinity:undefined:undefined:undefined:undefined":8,"s:302:8:304:Infinity":51,"s:303:10:303:Infinity":52,"s:305:21:305:Infinity":53,"s:306:8:306:Infinity":54,"f:311:2:311:9":30,"s:312:4:323:Infinity":55,"f:313:25:313:31":31,"b:314:8:320:Infinity:undefined:undefined:undefined:undefined":9,"s:314:8:320:Infinity":56,"s:315:10:319:Infinity":57,"s:316:12:316:Infinity":58,"s:321:8:321:Infinity":59,"f:326:2:326:8":32,"s:327:4:338:Infinity":60,"f:328:25:328:31":33,"b:329:8:335:Infinity:undefined:undefined:undefined:undefined":10,"s:329:8:335:Infinity":61,"s:330:10:334:Infinity":62,"s:331:12:331:Infinity":63,"s:336:8:336:Infinity":64,"f:341:2:341:Infinity":34,"s:344:4:355:Infinity":65,"f:345:25:345:32":35,"b:346:8:348:Infinity:undefined:undefined:undefined:undefined":11,"s:346:8:348:Infinity":66,"s:347:10:347:Infinity":67,"s:349:27:349:Infinity":68,"b:350:8:352:Infinity:undefined:undefined:undefined:undefined":12,"s:350:8:352:Infinity":69,"s:351:10:351:Infinity":70,"s:353:8:353:Infinity":71,"f:358:2:358:10":36,"s:359:4:366:Infinity":72,"f:360:25:360:35":37,"b:361:8:363:Infinity:undefined:undefined:undefined:undefined":13,"s:361:8:363:Infinity":73,"s:362:10:362:Infinity":74,"s:364:8:364:Infinity":75,"f:369:2:369:13":38,"s:370:4:377:Infinity":76,"f:371:25:371:35":39,"b:372:8:374:Infinity:undefined:undefined:undefined:undefined":14,"s:372:8:374:Infinity":77,"s:373:10:373:Infinity":78,"s:375:8:375:Infinity":79,"f:382:8:382:Infinity":40,"s:386:19:386:Infinity":80,"b:387:4:389:Infinity:undefined:undefined:undefined:undefined":15,"s:387:4:389:Infinity":81,"s:388:6:388:Infinity":82,"s:390:4:390:Infinity":83,"f:393:8:393:20":41,"s:394:19:394:Infinity":84,"b:395:4:397:Infinity:undefined:undefined:undefined:undefined":16,"s:395:4:397:Infinity":85,"s:396:6:396:Infinity":86,"s:398:4:398:Infinity":87,"f:401:8:401:24":42,"s:402:19:402:Infinity":88,"b:403:4:405:Infinity:undefined:undefined:undefined:undefined":17,"s:403:4:405:Infinity":89,"s:404:6:404:Infinity":90,"s:406:4:406:Infinity":91,"f:409:8:409:40":43,"s:410:19:410:Infinity":92,"s:411:4:411:Infinity":93,"b:411:34:411:49:411:49:411:Infinity":18,"f:414:8:414:46":44,"s:415:19:415:Infinity":94,"s:416:4:416:Infinity":95,"b:416:34:416:49:416:49:416:Infinity":19,"f:419:8:419:52":45,"s:420:19:420:Infinity":96,"b:421:4:423:Infinity:undefined:undefined:undefined:undefined":20,"s:421:4:423:Infinity":97,"s:422:6:422:Infinity":98,"s:424:4:424:Infinity":99,"f:427:8:427:32":46,"s:428:19:428:Infinity":100,"b:429:4:431:Infinity:undefined:undefined:undefined:undefined":21,"s:429:4:431:Infinity":101,"s:430:6:430:Infinity":102,"s:432:4:432:Infinity":103,"f:437:2:437:68":47,"s:438:4:445:Infinity":104,"f:439:25:439:26":48,"b:440:8:442:Infinity:undefined:undefined:undefined:undefined":22,"s:440:8:442:Infinity":105,"s:441:10:441:Infinity":106,"s:443:8:443:Infinity":107,"f:448:2:448:28":49,"s:449:4:456:Infinity":108,"f:450:25:450:26":50,"b:451:8:453:Infinity:undefined:undefined:undefined:undefined":23,"s:451:8:453:Infinity":109,"s:452:10:452:Infinity":110,"s:454:8:454:Infinity":111,"f:459:8:459:118":51,"s:460:19:460:Infinity":112,"s:461:4:461:Infinity":113,"s:466:0:470:Infinity":114}}}
,"/Users/u1070457/Projects/Perso/HexDi/Result/packages/result/src/combinators/all-settled.ts": {"path":"/Users/u1070457/Projects/Perso/HexDi/Result/packages/result/src/combinators/all-settled.ts","statementMap":{"0":{"start":{"line":32,"column":28},"end":{"line":32,"column":null}},"1":{"start":{"line":33,"column":28},"end":{"line":33,"column":null}},"2":{"start":{"line":35,"column":2},"end":{"line":41,"column":null}},"3":{"start":{"line":36,"column":4},"end":{"line":40,"column":null}},"4":{"start":{"line":37,"column":6},"end":{"line":37,"column":null}},"5":{"start":{"line":39,"column":6},"end":{"line":39,"column":null}},"6":{"start":{"line":43,"column":2},"end":{"line":45,"column":null}},"7":{"start":{"line":44,"column":4},"end":{"line":44,"column":null}},"8":{"start":{"line":46,"column":2},"end":{"line":46,"column":null}}},"fnMap":{"0":{"name":"allSettled","decl":{"start":{"line":29,"column":16},"end":{"line":29,"column":null}},"loc":{"start":{"line":31,"column":32},"end":{"line":47,"column":null}},"line":31}},"branchMap":{"0":{"loc":{"start":{"line":36,"column":4},"end":{"line":40,"column":null}},"type":"if","locations":[{"start":{"line":36,"column":4},"end":{"line":40,"column":null}},{"start":{"line":38,"column":11},"end":{"line":40,"column":null}}],"line":36},"1":{"loc":{"start":{"line":43,"column":2},"end":{"line":45,"column":null}},"type":"if","locations":[{"start":{"line":43,"column":2},"end":{"line":45,"column":null}},{"start":{},"end":{}}],"line":43}},"s":{"0":3,"1":3,"2":3,"3":8,"4":3,"5":5,"6":3,"7":2,"8":1},"f":{"0":3},"b":{"0":[3,5],"1":[2,1]},"meta":{"lastBranch":2,"lastFunction":1,"lastStatement":9,"seen":{"f:29:16:29:Infinity":0,"s:32:28:32:Infinity":0,"s:33:28:33:Infinity":1,"s:35:2:41:Infinity":2,"b:36:4:40:Infinity:38:11:40:Infinity":0,"s:36:4:40:Infinity":3,"s:37:6:37:Infinity":4,"s:39:6:39:Infinity":5,"b:43:2:45:Infinity:undefined:undefined:undefined:undefined":1,"s:43:2:45:Infinity":6,"s:44:4:44:Infinity":7,"s:46:2:46:Infinity":8}}}
,"/Users/u1070457/Projects/Perso/HexDi/Result/packages/result/src/combinators/all.ts": {"path":"/Users/u1070457/Projects/Perso/HexDi/Result/packages/result/src/combinators/all.ts","statementMap":{"0":{"start":{"line":30,"column":28},"end":{"line":30,"column":null}},"1":{"start":{"line":31,"column":2},"end":{"line":36,"column":null}},"2":{"start":{"line":32,"column":4},"end":{"line":34,"column":null}},"3":{"start":{"line":33,"column":6},"end":{"line":33,"column":null}},"4":{"start":{"line":35,"column":4},"end":{"line":35,"column":null}},"5":{"start":{"line":37,"column":2},"end":{"line":37,"column":null}}},"fnMap":{"0":{"name":"all","decl":{"start":{"line":29,"column":16},"end":{"line":29,"column":23}},"loc":{"start":{"line":29,"column":97},"end":{"line":38,"column":null}},"line":29}},"branchMap":{"0":{"loc":{"start":{"line":32,"column":4},"end":{"line":34,"column":null}},"type":"if","locations":[{"start":{"line":32,"column":4},"end":{"line":34,"column":null}},{"start":{},"end":{}}],"line":32}},"s":{"0":6,"1":6,"2":13,"3":2,"4":11,"5":4},"f":{"0":6},"b":{"0":[2,11]},"meta":{"lastBranch":1,"lastFunction":1,"lastStatement":6,"seen":{"f:29:16:29:23":0,"s:30:28:30:Infinity":0,"s:31:2:36:Infinity":1,"b:32:4:34:Infinity:undefined:undefined:undefined:undefined":0,"s:32:4:34:Infinity":2,"s:33:6:33:Infinity":3,"s:35:4:35:Infinity":4,"s:37:2:37:Infinity":5}}}
,"/Users/u1070457/Projects/Perso/HexDi/Result/packages/result/src/combinators/any.ts": {"path":"/Users/u1070457/Projects/Perso/HexDi/Result/packages/result/src/combinators/any.ts","statementMap":{"0":{"start":{"line":30,"column":28},"end":{"line":30,"column":null}},"1":{"start":{"line":32,"column":2},"end":{"line":37,"column":null}},"2":{"start":{"line":33,"column":4},"end":{"line":35,"column":null}},"3":{"start":{"line":34,"column":6},"end":{"line":34,"column":null}},"4":{"start":{"line":36,"column":4},"end":{"line":36,"column":null}},"5":{"start":{"line":39,"column":2},"end":{"line":39,"column":null}}},"fnMap":{"0":{"name":"any","decl":{"start":{"line":29,"column":16},"end":{"line":29,"column":23}},"loc":{"start":{"line":29,"column":97},"end":{"line":40,"column":null}},"line":29}},"branchMap":{"0":{"loc":{"start":{"line":33,"column":4},"end":{"line":35,"column":null}},"type":"if","locations":[{"start":{"line":33,"column":4},"end":{"line":35,"column":null}},{"start":{},"end":{}}],"line":33}},"s":{"0":3,"1":3,"2":5,"3":2,"4":3,"5":1},"f":{"0":3},"b":{"0":[2,3]},"meta":{"lastBranch":1,"lastFunction":1,"lastStatement":6,"seen":{"f:29:16:29:23":0,"s:30:28:30:Infinity":0,"s:32:2:37:Infinity":1,"b:33:4:35:Infinity:undefined:undefined:undefined:undefined":0,"s:33:4:35:Infinity":2,"s:34:6:34:Infinity":3,"s:36:4:36:Infinity":4,"s:39:2:39:Infinity":5}}}
,"/Users/u1070457/Projects/Perso/HexDi/Result/packages/result/src/combinators/collect.ts": {"path":"/Users/u1070457/Projects/Perso/HexDi/Result/packages/result/src/combinators/collect.ts","statementMap":{"0":{"start":{"line":36,"column":42},"end":{"line":36,"column":null}},"1":{"start":{"line":38,"column":2},"end":{"line":44,"column":null}},"2":{"start":{"line":39,"column":19},"end":{"line":39,"column":null}},"3":{"start":{"line":40,"column":4},"end":{"line":42,"column":null}},"4":{"start":{"line":41,"column":6},"end":{"line":41,"column":null}},"5":{"start":{"line":43,"column":4},"end":{"line":43,"column":null}},"6":{"start":{"line":46,"column":2},"end":{"line":46,"column":null}}},"fnMap":{"0":{"name":"collect","decl":{"start":{"line":33,"column":16},"end":{"line":33,"column":null}},"loc":{"start":{"line":35,"column":44},"end":{"line":47,"column":null}},"line":35}},"branchMap":{"0":{"loc":{"start":{"line":40,"column":4},"end":{"line":42,"column":null}},"type":"if","locations":[{"start":{"line":40,"column":4},"end":{"line":42,"column":null}},{"start":{},"end":{}}],"line":40}},"s":{"0":2,"1":2,"2":4,"3":4,"4":1,"5":3,"6":1},"f":{"0":2},"b":{"0":[1,3]},"meta":{"lastBranch":1,"lastFunction":1,"lastStatement":7,"seen":{"f:33:16:33:Infinity":0,"s:36:42:36:Infinity":0,"s:38:2:44:Infinity":1,"s:39:19:39:Infinity":2,"b:40:4:42:Infinity:undefined:undefined:undefined:undefined":0,"s:40:4:42:Infinity":3,"s:41:6:41:Infinity":4,"s:43:4:43:Infinity":5,"s:46:2:46:Infinity":6}}}
,"/Users/u1070457/Projects/Perso/HexDi/Result/packages/result/src/combinators/for-each.ts": {"path":"/Users/u1070457/Projects/Perso/HexDi/Result/packages/result/src/combinators/for-each.ts","statementMap":{"0":{"start":{"line":32,"column":22},"end":{"line":32,"column":null}},"1":{"start":{"line":34,"column":2},"end":{"line":40,"column":null}},"2":{"start":{"line":34,"column":15},"end":{"line":34,"column":18}},"3":{"start":{"line":35,"column":19},"end":{"line":35,"column":null}},"4":{"start":{"line":36,"column":4},"end":{"line":38,"column":null}},"5":{"start":{"line":37,"column":6},"end":{"line":37,"column":null}},"6":{"start":{"line":39,"column":4},"end":{"line":39,"column":null}},"7":{"start":{"line":42,"column":2},"end":{"line":42,"column":null}}},"fnMap":{"0":{"name":"forEach","decl":{"start":{"line":28,"column":16},"end":{"line":28,"column":null}},"loc":{"start":{"line":31,"column":18},"end":{"line":43,"column":null}},"line":31}},"branchMap":{"0":{"loc":{"start":{"line":36,"column":4},"end":{"line":38,"column":null}},"type":"if","locations":[{"start":{"line":36,"column":4},"end":{"line":38,"column":null}},{"start":{},"end":{}}],"line":36}},"s":{"0":5,"1":5,"2":5,"3":10,"4":10,"5":2,"6":8,"7":3},"f":{"0":5},"b":{"0":[2,8]},"meta":{"lastBranch":1,"lastFunction":1,"lastStatement":8,"seen":{"f:28:16:28:Infinity":0,"s:32:22:32:Infinity":0,"s:34:2:40:Infinity":1,"s:34:15:34:18":2,"s:35:19:35:Infinity":3,"b:36:4:38:Infinity:undefined:undefined:undefined:undefined":0,"s:36:4:38:Infinity":4,"s:37:6:37:Infinity":5,"s:39:4:39:Infinity":6,"s:42:2:42:Infinity":7}}}
,"/Users/u1070457/Projects/Perso/HexDi/Result/packages/result/src/combinators/partition.ts": {"path":"/Users/u1070457/Projects/Perso/HexDi/Result/packages/result/src/combinators/partition.ts","statementMap":{"0":{"start":{"line":27,"column":19},"end":{"line":27,"column":null}},"1":{"start":{"line":28,"column":20},"end":{"line":28,"column":null}},"2":{"start":{"line":30,"column":2},"end":{"line":36,"column":null}},"3":{"start":{"line":31,"column":4},"end":{"line":35,"column":null}},"4":{"start":{"line":32,"column":6},"end":{"line":32,"column":null}},"5":{"start":{"line":34,"column":6},"end":{"line":34,"column":null}},"6":{"start":{"line":38,"column":2},"end":{"line":38,"column":null}}},"fnMap":{"0":{"name":"partition","decl":{"start":{"line":24,"column":16},"end":{"line":24,"column":null}},"loc":{"start":{"line":26,"column":14},"end":{"line":39,"column":null}},"line":26}},"branchMap":{"0":{"loc":{"start":{"line":31,"column":4},"end":{"line":35,"column":null}},"type":"if","locations":[{"start":{"line":31,"column":4},"end":{"line":35,"column":null}},{"start":{"line":33,"column":11},"end":{"line":35,"column":null}}],"line":31}},"s":{"0":5,"1":5,"2":5,"3":14,"4":8,"5":6,"6":5},"f":{"0":5},"b":{"0":[8,6]},"meta":{"lastBranch":1,"lastFunction":1,"lastStatement":7,"seen":{"f:24:16:24:Infinity":0,"s:27:19:27:Infinity":0,"s:28:20:28:Infinity":1,"s:30:2:36:Infinity":2,"b:31:4:35:Infinity:33:11:35:Infinity":0,"s:31:4:35:Infinity":3,"s:32:6:32:Infinity":4,"s:34:6:34:Infinity":5,"s:38:2:38:Infinity":6}}}
,"/Users/u1070457/Projects/Perso/HexDi/Result/packages/result/src/combinators/zip-or-accumulate.ts": {"path":"/Users/u1070457/Projects/Perso/HexDi/Result/packages/result/src/combinators/zip-or-accumulate.ts","statementMap":{"0":{"start":{"line":33,"column":28},"end":{"line":33,"column":null}},"1":{"start":{"line":34,"column":28},"end":{"line":34,"column":null}},"2":{"start":{"line":36,"column":2},"end":{"line":42,"column":null}},"3":{"start":{"line":37,"column":4},"end":{"line":41,"column":null}},"4":{"start":{"line":38,"column":6},"end":{"line":38,"column":null}},"5":{"start":{"line":40,"column":6},"end":{"line":40,"column":null}},"6":{"start":{"line":44,"column":2},"end":{"line":46,"column":null}},"7":{"start":{"line":45,"column":4},"end":{"line":45,"column":null}},"8":{"start":{"line":47,"column":2},"end":{"line":47,"column":null}}},"fnMap":{"0":{"name":"zipOrAccumulate","decl":{"start":{"line":30,"column":16},"end":{"line":30,"column":null}},"loc":{"start":{"line":32,"column":46},"end":{"line":48,"column":null}},"line":32}},"branchMap":{"0":{"loc":{"start":{"line":37,"column":4},"end":{"line":41,"column":null}},"type":"if","locations":[{"start":{"line":37,"column":4},"end":{"line":41,"column":null}},{"start":{"line":39,"column":11},"end":{"line":41,"column":null}}],"line":37},"1":{"loc":{"start":{"line":44,"column":2},"end":{"line":46,"column":null}},"type":"if","locations":[{"start":{"line":44,"column":2},"end":{"line":46,"column":null}},{"start":{},"end":{}}],"line":44}},"s":{"0":4,"1":4,"2":4,"3":9,"4":3,"5":6,"6":4,"7":2,"8":2},"f":{"0":4},"b":{"0":[3,6],"1":[2,2]},"meta":{"lastBranch":2,"lastFunction":1,"lastStatement":9,"seen":{"f:30:16:30:Infinity":0,"s:33:28:33:Infinity":0,"s:34:28:34:Infinity":1,"s:36:2:42:Infinity":2,"b:37:4:41:Infinity:39:11:41:Infinity":0,"s:37:4:41:Infinity":3,"s:38:6:38:Infinity":4,"s:40:6:40:Infinity":5,"b:44:2:46:Infinity:undefined:undefined:undefined:undefined":1,"s:44:2:46:Infinity":6,"s:45:4:45:Infinity":7,"s:47:2:47:Infinity":8}}}
,"/Users/u1070457/Projects/Perso/HexDi/Result/packages/result/src/constructors/from-nullable.ts": {"path":"/Users/u1070457/Projects/Perso/HexDi/Result/packages/result/src/constructors/from-nullable.ts","statementMap":{"0":{"start":{"line":35,"column":2},"end":{"line":37,"column":null}},"1":{"start":{"line":36,"column":4},"end":{"line":36,"column":null}},"2":{"start":{"line":38,"column":2},"end":{"line":38,"column":null}}},"fnMap":{"0":{"name":"fromNullable","decl":{"start":{"line":34,"column":16},"end":{"line":34,"column":35}},"loc":{"start":{"line":34,"column":99},"end":{"line":39,"column":null}},"line":34}},"branchMap":{"0":{"loc":{"start":{"line":35,"column":2},"end":{"line":37,"column":null}},"type":"if","locations":[{"start":{"line":35,"column":2},"end":{"line":37,"column":null}},{"start":{},"end":{}}],"line":35},"1":{"loc":{"start":{"line":35,"column":6},"end":{"line":35,"column":45}},"type":"binary-expr","locations":[{"start":{"line":35,"column":6},"end":{"line":35,"column":24}},{"start":{"line":35,"column":24},"end":{"line":35,"column":45}}],"line":35}},"s":{"0":3,"1":2,"2":1},"f":{"0":3},"b":{"0":[2,1],"1":[3,2]},"meta":{"lastBranch":2,"lastFunction":1,"lastStatement":3,"seen":{"f:34:16:34:35":0,"b:35:2:37:Infinity:undefined:undefined:undefined:undefined":0,"s:35:2:37:Infinity":0,"b:35:6:35:24:35:24:35:45":1,"s:36:4:36:Infinity":1,"s:38:2:38:Infinity":2}}}
,"/Users/u1070457/Projects/Perso/HexDi/Result/packages/result/src/constructors/from-predicate.ts": {"path":"/Users/u1070457/Projects/Perso/HexDi/Result/packages/result/src/constructors/from-predicate.ts","statementMap":{"0":{"start":{"line":55,"column":2},"end":{"line":57,"column":null}},"1":{"start":{"line":56,"column":4},"end":{"line":56,"column":null}},"2":{"start":{"line":58,"column":2},"end":{"line":58,"column":null}}},"fnMap":{"0":{"name":"fromPredicate","decl":{"start":{"line":50,"column":16},"end":{"line":50,"column":null}},"loc":{"start":{"line":54,"column":16},"end":{"line":59,"column":null}},"line":54}},"branchMap":{"0":{"loc":{"start":{"line":55,"column":2},"end":{"line":57,"column":null}},"type":"if","locations":[{"start":{"line":55,"column":2},"end":{"line":57,"column":null}},{"start":{},"end":{}}],"line":55}},"s":{"0":3,"1":2,"2":1},"f":{"0":3},"b":{"0":[2,1]},"meta":{"lastBranch":1,"lastFunction":1,"lastStatement":3,"seen":{"f:50:16:50:Infinity":0,"b:55:2:57:Infinity:undefined:undefined:undefined:undefined":0,"s:55:2:57:Infinity":0,"s:56:4:56:Infinity":1,"s:58:2:58:Infinity":2}}}
,"/Users/u1070457/Projects/Perso/HexDi/Result/packages/result/src/constructors/from-promise.ts": {"path":"/Users/u1070457/Projects/Perso/HexDi/Result/packages/result/src/constructors/from-promise.ts","statementMap":{"0":{"start":{"line":34,"column":2},"end":{"line":34,"column":null}},"1":{"start":{"line":62,"column":2},"end":{"line":62,"column":null}},"2":{"start":{"line":103,"column":2},"end":{"line":103,"column":null}}},"fnMap":{"0":{"name":"fromPromise","decl":{"start":{"line":30,"column":16},"end":{"line":30,"column":null}},"loc":{"start":{"line":33,"column":21},"end":{"line":35,"column":null}},"line":33},"1":{"name":"fromSafePromise","decl":{"start":{"line":61,"column":16},"end":{"line":61,"column":35}},"loc":{"start":{"line":61,"column":79},"end":{"line":63,"column":null}},"line":61},"2":{"name":"fromAsyncThrowable","decl":{"start":{"line":99,"column":16},"end":{"line":99,"column":null}},"loc":{"start":{"line":102,"column":37},"end":{"line":104,"column":null}},"line":102}},"branchMap":{},"s":{"0":5,"1":2,"2":3},"f":{"0":5,"1":2,"2":3},"b":{},"meta":{"lastBranch":0,"lastFunction":3,"lastStatement":3,"seen":{"f:30:16:30:Infinity":0,"s:34:2:34:Infinity":0,"f:61:16:61:35":1,"s:62:2:62:Infinity":1,"f:99:16:99:Infinity":2,"s:103:2:103:Infinity":2}}}
,"/Users/u1070457/Projects/Perso/HexDi/Result/packages/result/src/constructors/from-throwable.ts": {"path":"/Users/u1070457/Projects/Perso/HexDi/Result/packages/result/src/constructors/from-throwable.ts","statementMap":{"0":{"start":{"line":55,"column":2},"end":{"line":63,"column":null}},"1":{"start":{"line":56,"column":4},"end":{"line":62,"column":null}},"2":{"start":{"line":57,"column":6},"end":{"line":61,"column":null}},"3":{"start":{"line":58,"column":8},"end":{"line":58,"column":null}},"4":{"start":{"line":60,"column":8},"end":{"line":60,"column":null}},"5":{"start":{"line":66,"column":2},"end":{"line":70,"column":null}},"6":{"start":{"line":67,"column":4},"end":{"line":67,"column":null}},"7":{"start":{"line":69,"column":4},"end":{"line":69,"column":null}}},"fnMap":{"0":{"name":"fromThrowable","decl":{"start":{"line":50,"column":16},"end":{"line":50,"column":null}},"loc":{"start":{"line":53,"column":11},"end":{"line":71,"column":null}},"line":53},"1":{"name":"(anonymous_1)","decl":{"start":{"line":56,"column":11},"end":{"line":56,"column":15}},"loc":{"start":{"line":56,"column":35},"end":{"line":62,"column":null}},"line":56}},"branchMap":{"0":{"loc":{"start":{"line":55,"column":2},"end":{"line":63,"column":null}},"type":"if","locations":[{"start":{"line":55,"column":2},"end":{"line":63,"column":null}},{"start":{},"end":{}}],"line":55}},"s":{"0":6,"1":3,"2":2,"3":2,"4":1,"5":3,"6":3,"7":2},"f":{"0":6,"1":2},"b":{"0":[3,3]},"meta":{"lastBranch":1,"lastFunction":2,"lastStatement":8,"seen":{"f:50:16:50:Infinity":0,"b:55:2:63:Infinity:undefined:undefined:undefined:undefined":0,"s:55:2:63:Infinity":0,"s:56:4:62:Infinity":1,"f:56:11:56:15":1,"s:57:6:61:Infinity":2,"s:58:8:58:Infinity":3,"s:60:8:60:Infinity":4,"s:66:2:70:Infinity":5,"s:67:4:67:Infinity":6,"s:69:4:69:Infinity":7}}}
,"/Users/u1070457/Projects/Perso/HexDi/Result/packages/result/src/constructors/try-catch.ts": {"path":"/Users/u1070457/Projects/Perso/HexDi/Result/packages/result/src/constructors/try-catch.ts","statementMap":{"0":{"start":{"line":40,"column":2},"end":{"line":44,"column":null}},"1":{"start":{"line":41,"column":4},"end":{"line":41,"column":null}},"2":{"start":{"line":43,"column":4},"end":{"line":43,"column":null}}},"fnMap":{"0":{"name":"tryCatch","decl":{"start":{"line":39,"column":16},"end":{"line":39,"column":31}},"loc":{"start":{"line":39,"column":89},"end":{"line":45,"column":null}},"line":39}},"branchMap":{},"s":{"0":2,"1":2,"2":1},"f":{"0":2},"b":{},"meta":{"lastBranch":0,"lastFunction":1,"lastStatement":3,"seen":{"f:39:16:39:31":0,"s:40:2:44:Infinity":0,"s:41:4:41:Infinity":1,"s:43:4:43:Infinity":2}}}
,"/Users/u1070457/Projects/Perso/HexDi/Result/packages/result/src/core/brand.ts": {"path":"/Users/u1070457/Projects/Perso/HexDi/Result/packages/result/src/core/brand.ts","statementMap":{"0":{"start":{"line":17,"column":43},"end":{"line":17,"column":null}}},"fnMap":{},"branchMap":{},"s":{"0":27},"f":{},"b":{},"meta":{"lastBranch":0,"lastFunction":0,"lastStatement":1,"seen":{"s:17:43:17:Infinity":0}}}
,"/Users/u1070457/Projects/Perso/HexDi/Result/packages/result/src/core/guards.ts": {"path":"/Users/u1070457/Projects/Perso/HexDi/Result/packages/result/src/core/guards.ts","statementMap":{"0":{"start":{"line":28,"column":2},"end":{"line":30,"column":null}},"1":{"start":{"line":29,"column":4},"end":{"line":29,"column":null}},"2":{"start":{"line":31,"column":2},"end":{"line":31,"column":null}},"3":{"start":{"line":57,"column":2},"end":{"line":59,"column":null}},"4":{"start":{"line":58,"column":4},"end":{"line":58,"column":null}},"5":{"start":{"line":60,"column":2},"end":{"line":62,"column":null}},"6":{"start":{"line":61,"column":4},"end":{"line":61,"column":null}},"7":{"start":{"line":63,"column":2},"end":{"line":65,"column":null}},"8":{"start":{"line":64,"column":4},"end":{"line":64,"column":null}},"9":{"start":{"line":66,"column":2},"end":{"line":66,"column":null}}},"fnMap":{"0":{"name":"isResult","decl":{"start":{"line":27,"column":16},"end":{"line":27,"column":25}},"loc":{"start":{"line":27,"column":76},"end":{"line":32,"column":null}},"line":27},"1":{"name":"isResultAsync","decl":{"start":{"line":56,"column":16},"end":{"line":56,"column":30}},"loc":{"start":{"line":56,"column":86},"end":{"line":67,"column":null}},"line":56}},"branchMap":{"0":{"loc":{"start":{"line":28,"column":2},"end":{"line":30,"column":null}},"type":"if","locations":[{"start":{"line":28,"column":2},"end":{"line":30,"column":null}},{"start":{},"end":{}}],"line":28},"1":{"loc":{"start":{"line":28,"column":6},"end":{"line":28,"column":74}},"type":"binary-expr","locations":[{"start":{"line":28,"column":6},"end":{"line":28,"column":24}},{"start":{"line":28,"column":24},"end":{"line":28,"column":47}},{"start":{"line":28,"column":47},"end":{"line":28,"column":74}}],"line":28},"2":{"loc":{"start":{"line":57,"column":2},"end":{"line":59,"column":null}},"type":"if","locations":[{"start":{"line":57,"column":2},"end":{"line":59,"column":null}},{"start":{},"end":{}}],"line":57},"3":{"loc":{"start":{"line":57,"column":6},"end":{"line":57,"column":74}},"type":"binary-expr","locations":[{"start":{"line":57,"column":6},"end":{"line":57,"column":24}},{"start":{"line":57,"column":24},"end":{"line":57,"column":47}},{"start":{"line":57,"column":47},"end":{"line":57,"column":74}}],"line":57},"4":{"loc":{"start":{"line":60,"column":2},"end":{"line":62,"column":null}},"type":"if","locations":[{"start":{"line":60,"column":2},"end":{"line":62,"column":null}},{"start":{},"end":{}}],"line":60},"5":{"loc":{"start":{"line":60,"column":6},"end":{"line":60,"column":62}},"type":"binary-expr","locations":[{"start":{"line":60,"column":6},"end":{"line":60,"column":28}},{"start":{"line":60,"column":28},"end":{"line":60,"column":62}}],"line":60},"6":{"loc":{"start":{"line":63,"column":2},"end":{"line":65,"column":null}},"type":"if","locations":[{"start":{"line":63,"column":2},"end":{"line":65,"column":null}},{"start":{},"end":{}}],"line":63},"7":{"loc":{"start":{"line":63,"column":6},"end":{"line":63,"column":64}},"type":"binary-expr","locations":[{"start":{"line":63,"column":6},"end":{"line":63,"column":29}},{"start":{"line":63,"column":29},"end":{"line":63,"column":64}}],"line":63}},"s":{"0":29,"1":5,"2":24,"3":23,"4":6,"5":17,"6":6,"7":11,"8":2,"9":9},"f":{"0":29,"1":23},"b":{"0":[5,24],"1":[29,28,27],"2":[6,17],"3":[23,21,19],"4":[6,11],"5":[17,12],"6":[2,9],"7":[11,9]},"meta":{"lastBranch":8,"lastFunction":2,"lastStatement":10,"seen":{"f:27:16:27:25":0,"b:28:2:30:Infinity:undefined:undefined:undefined:undefined":0,"s:28:2:30:Infinity":0,"b:28:6:28:24:28:24:28:47:28:47:28:74":1,"s:29:4:29:Infinity":1,"s:31:2:31:Infinity":2,"f:56:16:56:30":1,"b:57:2:59:Infinity:undefined:undefined:undefined:undefined":2,"s:57:2:59:Infinity":3,"b:57:6:57:24:57:24:57:47:57:47:57:74":3,"s:58:4:58:Infinity":4,"b:60:2:62:Infinity:undefined:undefined:undefined:undefined":4,"s:60:2:62:Infinity":5,"b:60:6:60:28:60:28:60:62":5,"s:61:4:61:Infinity":6,"b:63:2:65:Infinity:undefined:undefined:undefined:undefined":6,"s:63:2:65:Infinity":7,"b:63:6:63:29:63:29:63:64":7,"s:64:4:64:Infinity":8,"s:66:2:66:Infinity":9}}}
,"/Users/u1070457/Projects/Perso/HexDi/Result/packages/result/src/core/result.ts": {"path":"/Users/u1070457/Projects/Perso/HexDi/Result/packages/result/src/core/result.ts","statementMap":{"0":{"start":{"line":21,"column":11},"end":{"line":21,"column":null}},"1":{"start":{"line":24,"column":2},"end":{"line":24,"column":null}},"2":{"start":{"line":28,"column":2},"end":{"line":32,"column":null}},"3":{"start":{"line":29,"column":4},"end":{"line":31,"column":null}},"4":{"start":{"line":33,"column":2},"end":{"line":33,"column":null}},"5":{"start":{"line":39,"column":46},"end":{"line":39,"column":null}},"6":{"start":{"line":40,"column":49},"end":{"line":53,"column":null}},"7":{"start":{"line":42,"column":6},"end":{"line":42,"column":null}},"8":{"start":{"line":45,"column":6},"end":{"line":45,"column":null}},"9":{"start":{"line":48,"column":6},"end":{"line":48,"column":null}},"10":{"start":{"line":51,"column":6},"end":{"line":51,"column":null}},"11":{"start":{"line":54,"column":2},"end":{"line":54,"column":null}},"12":{"start":{"line":81,"column":29},"end":{"line":238,"column":null}},"13":{"start":{"line":88,"column":6},"end":{"line":88,"column":null}},"14":{"start":{"line":91,"column":6},"end":{"line":91,"column":null}},"15":{"start":{"line":94,"column":6},"end":{"line":94,"column":null}},"16":{"start":{"line":97,"column":6},"end":{"line":97,"column":null}},"17":{"start":{"line":102,"column":6},"end":{"line":102,"column":null}},"18":{"start":{"line":105,"column":6},"end":{"line":105,"column":null}},"19":{"start":{"line":108,"column":6},"end":{"line":108,"column":null}},"20":{"start":{"line":111,"column":6},"end":{"line":111,"column":null}},"21":{"start":{"line":114,"column":6},"end":{"line":114,"column":null}},"22":{"start":{"line":119,"column":6},"end":{"line":119,"column":null}},"23":{"start":{"line":122,"column":6},"end":{"line":122,"column":null}},"24":{"start":{"line":127,"column":6},"end":{"line":127,"column":null}},"25":{"start":{"line":130,"column":6},"end":{"line":130,"column":null}},"26":{"start":{"line":133,"column":6},"end":{"line":137,"column":null}},"27":{"start":{"line":134,"column":8},"end":{"line":134,"column":null}},"28":{"start":{"line":138,"column":6},"end":{"line":138,"column":null}},"29":{"start":{"line":141,"column":6},"end":{"line":141,"column":null}},"30":{"start":{"line":144,"column":21},"end":{"line":144,"column":null}},"31":{"start":{"line":145,"column":6},"end":{"line":147,"column":null}},"32":{"start":{"line":146,"column":8},"end":{"line":146,"column":null}},"33":{"start":{"line":148,"column":6},"end":{"line":148,"column":null}},"34":{"start":{"line":151,"column":6},"end":{"line":151,"column":null}},"35":{"start":{"line":152,"column":6},"end":{"line":152,"column":null}},"36":{"start":{"line":155,"column":6},"end":{"line":155,"column":null}},"37":{"start":{"line":160,"column":6},"end":{"line":160,"column":null}},"38":{"start":{"line":163,"column":6},"end":{"line":163,"column":null}},"39":{"start":{"line":166,"column":6},"end":{"line":166,"column":null}},"40":{"start":{"line":169,"column":6},"end":{"line":169,"column":null}},"41":{"start":{"line":172,"column":6},"end":{"line":172,"column":null}},"42":{"start":{"line":175,"column":6},"end":{"line":175,"column":null}},"43":{"start":{"line":178,"column":6},"end":{"line":178,"column":null}},"44":{"start":{"line":181,"column":6},"end":{"line":181,"column":null}},"45":{"start":{"line":184,"column":6},"end":{"line":184,"column":null}},"46":{"start":{"line":189,"column":6},"end":{"line":189,"column":null}},"47":{"start":{"line":192,"column":6},"end":{"line":192,"column":null}},"48":{"start":{"line":195,"column":6},"end":{"line":195,"column":null}},"49":{"start":{"line":198,"column":6},"end":{"line":198,"column":null}},"50":{"start":{"line":203,"column":6},"end":{"line":203,"column":null}},"51":{"start":{"line":206,"column":6},"end":{"line":206,"column":null}},"52":{"start":{"line":209,"column":6},"end":{"line":209,"column":null}},"53":{"start":{"line":214,"column":6},"end":{"line":214,"column":null}},"54":{"start":{"line":217,"column":6},"end":{"line":217,"column":null}},"55":{"start":{"line":222,"column":20},"end":{"line":222,"column":null}},"56":{"start":{"line":223,"column":6},"end":{"line":225,"column":null}},"57":{"start":{"line":224,"column":8},"end":{"line":224,"column":null}},"58":{"start":{"line":226,"column":6},"end":{"line":226,"column":null}},"59":{"start":{"line":231,"column":6},"end":{"line":231,"column":null}},"60":{"start":{"line":236,"column":6},"end":{"line":236,"column":null}},"61":{"start":{"line":240,"column":2},"end":{"line":240,"column":null}},"62":{"start":{"line":241,"column":2},"end":{"line":241,"column":null}},"63":{"start":{"line":268,"column":30},"end":{"line":416,"column":null}},"64":{"start":{"line":275,"column":6},"end":{"line":275,"column":null}},"65":{"start":{"line":278,"column":6},"end":{"line":278,"column":null}},"66":{"start":{"line":281,"column":6},"end":{"line":281,"column":null}},"67":{"start":{"line":284,"column":6},"end":{"line":284,"column":null}},"68":{"start":{"line":289,"column":6},"end":{"line":289,"column":null}},"69":{"start":{"line":292,"column":6},"end":{"line":292,"column":null}},"70":{"start":{"line":295,"column":6},"end":{"line":295,"column":null}},"71":{"start":{"line":298,"column":6},"end":{"line":298,"column":null}},"72":{"start":{"line":301,"column":6},"end":{"line":301,"column":null}},"73":{"start":{"line":306,"column":6},"end":{"line":306,"column":null}},"74":{"start":{"line":309,"column":6},"end":{"line":309,"column":null}},"75":{"start":{"line":314,"column":6},"end":{"line":314,"column":null}},"76":{"start":{"line":317,"column":6},"end":{"line":317,"column":null}},"77":{"start":{"line":320,"column":6},"end":{"line":320,"column":null}},"78":{"start":{"line":323,"column":6},"end":{"line":327,"column":null}},"79":{"start":{"line":324,"column":8},"end":{"line":324,"column":null}},"80":{"start":{"line":328,"column":6},"end":{"line":328,"column":null}},"81":{"start":{"line":331,"column":6},"end":{"line":331,"column":null}},"82":{"start":{"line":334,"column":6},"end":{"line":334,"column":null}},"83":{"start":{"line":337,"column":6},"end":{"line":337,"column":null}},"84":{"start":{"line":338,"column":6},"end":{"line":338,"column":null}},"85":{"start":{"line":343,"column":6},"end":{"line":343,"column":null}},"86":{"start":{"line":346,"column":6},"end":{"line":346,"column":null}},"87":{"start":{"line":349,"column":6},"end":{"line":349,"column":null}},"88":{"start":{"line":352,"column":6},"end":{"line":352,"column":null}},"89":{"start":{"line":355,"column":6},"end":{"line":355,"column":null}},"90":{"start":{"line":358,"column":6},"end":{"line":358,"column":null}},"91":{"start":{"line":361,"column":6},"end":{"line":361,"column":null}},"92":{"start":{"line":364,"column":6},"end":{"line":364,"column":null}},"93":{"start":{"line":367,"column":6},"end":{"line":367,"column":null}},"94":{"start":{"line":372,"column":6},"end":{"line":372,"column":null}},"95":{"start":{"line":375,"column":6},"end":{"line":375,"column":null}},"96":{"start":{"line":378,"column":6},"end":{"line":378,"column":null}},"97":{"start":{"line":381,"column":6},"end":{"line":381,"column":null}},"98":{"start":{"line":386,"column":6},"end":{"line":386,"column":null}},"99":{"start":{"line":389,"column":6},"end":{"line":389,"column":null}},"100":{"start":{"line":392,"column":6},"end":{"line":392,"column":null}},"101":{"start":{"line":397,"column":6},"end":{"line":397,"column":null}},"102":{"start":{"line":400,"column":6},"end":{"line":400,"column":null}},"103":{"start":{"line":403,"column":6},"end":{"line":403,"column":null}},"104":{"start":{"line":408,"column":6},"end":{"line":408,"column":null}},"105":{"start":{"line":413,"column":6},"end":{"line":413,"column":null}},"106":{"start":{"line":414,"column":6},"end":{"line":414,"column":null}},"107":{"start":{"line":418,"column":2},"end":{"line":418,"column":null}},"108":{"start":{"line":419,"column":2},"end":{"line":419,"column":null}}},"fnMap":{"0":{"name":"_setResultAsyncImpl","decl":{"start":{"line":23,"column":16},"end":{"line":23,"column":36}},"loc":{"start":{"line":23,"column":73},"end":{"line":25,"column":null}},"line":23},"1":{"name":"getResultAsync","decl":{"start":{"line":27,"column":9},"end":{"line":27,"column":64}},"loc":{"start":{"line":27,"column":64},"end":{"line":34,"column":null}},"line":27},"2":{"name":"createOkIterator","decl":{"start":{"line":38,"column":9},"end":{"line":38,"column":29}},"loc":{"start":{"line":38,"column":69},"end":{"line":55,"column":null}},"line":38},"3":{"name":"(anonymous_3)","decl":{"start":{"line":41,"column":4},"end":{"line":41,"column":37}},"loc":{"start":{"line":41,"column":37},"end":{"line":43,"column":null}},"line":41},"4":{"name":"(anonymous_4)","decl":{"start":{"line":44,"column":4},"end":{"line":44,"column":11}},"loc":{"start":{"line":44,"column":43},"end":{"line":46,"column":null}},"line":44},"5":{"name":"(anonymous_5)","decl":{"start":{"line":47,"column":4},"end":{"line":47,"column":10}},"loc":{"start":{"line":47,"column":48},"end":{"line":49,"column":null}},"line":47},"6":{"name":"(anonymous_6)","decl":{"start":{"line":50,"column":5},"end":{"line":50,"column":20}},"loc":{"start":{"line":50,"column":24},"end":{"line":52,"column":null}},"line":50},"7":{"name":"ok","decl":{"start":{"line":80,"column":16},"end":{"line":80,"column":22}},"loc":{"start":{"line":80,"column":46},"end":{"line":242,"column":null}},"line":80},"8":{"name":"(anonymous_8)","decl":{"start":{"line":87,"column":4},"end":{"line":87,"column":33}},"loc":{"start":{"line":87,"column":33},"end":{"line":89,"column":null}},"line":87},"9":{"name":"(anonymous_9)","decl":{"start":{"line":90,"column":4},"end":{"line":90,"column":35}},"loc":{"start":{"line":90,"column":35},"end":{"line":92,"column":null}},"line":90},"10":{"name":"(anonymous_10)","decl":{"start":{"line":93,"column":4},"end":{"line":93,"column":12}},"loc":{"start":{"line":93,"column":23},"end":{"line":95,"column":null}},"line":93},"11":{"name":"(anonymous_11)","decl":{"start":{"line":96,"column":4},"end":{"line":96,"column":15}},"loc":{"start":{"line":96,"column":15},"end":{"line":98,"column":null}},"line":96},"12":{"name":"(anonymous_12)","decl":{"start":{"line":101,"column":4},"end":{"line":101,"column":8}},"loc":{"start":{"line":101,"column":11},"end":{"line":103,"column":null}},"line":101},"13":{"name":"(anonymous_13)","decl":{"start":{"line":104,"column":4},"end":{"line":104,"column":13}},"loc":{"start":{"line":104,"column":13},"end":{"line":106,"column":null}},"line":104},"14":{"name":"(anonymous_14)","decl":{"start":{"line":107,"column":4},"end":{"line":107,"column":12}},"loc":{"start":{"line":107,"column":18},"end":{"line":109,"column":null}},"line":107},"15":{"name":"(anonymous_15)","decl":{"start":{"line":110,"column":4},"end":{"line":110,"column":51}},"loc":{"start":{"line":110,"column":51},"end":{"line":112,"column":null}},"line":110},"16":{"name":"(anonymous_16)","decl":{"start":{"line":113,"column":4},"end":{"line":113,"column":11}},"loc":{"start":{"line":113,"column":11},"end":{"line":115,"column":null}},"line":113},"17":{"name":"(anonymous_17)","decl":{"start":{"line":118,"column":4},"end":{"line":118,"column":8}},"loc":{"start":{"line":118,"column":15},"end":{"line":120,"column":null}},"line":118},"18":{"name":"(anonymous_18)","decl":{"start":{"line":121,"column":4},"end":{"line":121,"column":9}},"loc":{"start":{"line":121,"column":9},"end":{"line":123,"column":null}},"line":121},"19":{"name":"(anonymous_19)","decl":{"start":{"line":126,"column":4},"end":{"line":126,"column":12}},"loc":{"start":{"line":126,"column":15},"end":{"line":128,"column":null}},"line":126},"20":{"name":"(anonymous_20)","decl":{"start":{"line":129,"column":4},"end":{"line":129,"column":13}},"loc":{"start":{"line":129,"column":13},"end":{"line":131,"column":null}},"line":129},"21":{"name":"(anonymous_21)","decl":{"start":{"line":132,"column":4},"end":{"line":132,"column":11}},"loc":{"start":{"line":132,"column":14},"end":{"line":139,"column":null}},"line":132},"22":{"name":"(anonymous_22)","decl":{"start":{"line":140,"column":4},"end":{"line":140,"column":12}},"loc":{"start":{"line":140,"column":12},"end":{"line":142,"column":null}},"line":140},"23":{"name":"(anonymous_23)","decl":{"start":{"line":143,"column":4},"end":{"line":143,"column":15}},"loc":{"start":{"line":143,"column":18},"end":{"line":149,"column":null}},"line":143},"24":{"name":"(anonymous_24)","decl":{"start":{"line":150,"column":4},"end":{"line":150,"column":12}},"loc":{"start":{"line":150,"column":15},"end":{"line":153,"column":null}},"line":150},"25":{"name":"(anonymous_25)","decl":{"start":{"line":154,"column":4},"end":{"line":154,"column":17}},"loc":{"start":{"line":154,"column":17},"end":{"line":156,"column":null}},"line":154},"26":{"name":"(anonymous_26)","decl":{"start":{"line":159,"column":4},"end":{"line":159,"column":10}},"loc":{"start":{"line":159,"column":16},"end":{"line":161,"column":null}},"line":159},"27":{"name":"(anonymous_27)","decl":{"start":{"line":162,"column":4},"end":{"line":162,"column":15}},"loc":{"start":{"line":162,"column":15},"end":{"line":164,"column":null}},"line":162},"28":{"name":"(anonymous_28)","decl":{"start":{"line":165,"column":4},"end":{"line":165,"column":19}},"loc":{"start":{"line":165,"column":19},"end":{"line":167,"column":null}},"line":165},"29":{"name":"(anonymous_29)","decl":{"start":{"line":168,"column":4},"end":{"line":168,"column":10}},"loc":{"start":{"line":168,"column":28},"end":{"line":170,"column":null}},"line":168},"30":{"name":"(anonymous_30)","decl":{"start":{"line":171,"column":4},"end":{"line":171,"column":14}},"loc":{"start":{"line":171,"column":28},"end":{"line":173,"column":null}},"line":171},"31":{"name":"(anonymous_31)","decl":{"start":{"line":174,"column":4},"end":{"line":174,"column":13}},"loc":{"start":{"line":174,"column":16},"end":{"line":176,"column":null}},"line":174},"32":{"name":"(anonymous_32)","decl":{"start":{"line":177,"column":4},"end":{"line":177,"column":18}},"loc":{"start":{"line":177,"column":18},"end":{"line":179,"column":null}},"line":177},"33":{"name":"(anonymous_33)","decl":{"start":{"line":180,"column":4},"end":{"line":180,"column":13}},"loc":{"start":{"line":180,"column":13},"end":{"line":182,"column":null}},"line":180},"34":{"name":"(anonymous_34)","decl":{"start":{"line":183,"column":4},"end":{"line":183,"column":14}},"loc":{"start":{"line":183,"column":23},"end":{"line":185,"column":null}},"line":183},"35":{"name":"(anonymous_35)","decl":{"start":{"line":188,"column":4},"end":{"line":188,"column":17}},"loc":{"start":{"line":188,"column":17},"end":{"line":190,"column":null}},"line":188},"36":{"name":"(anonymous_36)","decl":{"start":{"line":191,"column":4},"end":{"line":191,"column":18}},"loc":{"start":{"line":191,"column":18},"end":{"line":193,"column":null}},"line":191},"37":{"name":"(anonymous_37)","decl":{"start":{"line":194,"column":4},"end":{"line":194,"column":16}},"loc":{"start":{"line":194,"column":16},"end":{"line":196,"column":null}},"line":194},"38":{"name":"(anonymous_38)","decl":{"start":{"line":197,"column":4},"end":{"line":197,"column":12}},"loc":{"start":{"line":197,"column":12},"end":{"line":199,"column":null}},"line":197},"39":{"name":"(anonymous_39)","decl":{"start":{"line":202,"column":4},"end":{"line":202,"column":14}},"loc":{"start":{"line":202,"column":14},"end":{"line":204,"column":null}},"line":202},"40":{"name":"(anonymous_40)","decl":{"start":{"line":205,"column":4},"end":{"line":205,"column":13}},"loc":{"start":{"line":205,"column":16},"end":{"line":207,"column":null}},"line":205},"41":{"name":"(anonymous_41)","decl":{"start":{"line":208,"column":4},"end":{"line":208,"column":17}},"loc":{"start":{"line":208,"column":20},"end":{"line":210,"column":null}},"line":208},"42":{"name":"(anonymous_42)","decl":{"start":{"line":213,"column":4},"end":{"line":213,"column":15}},"loc":{"start":{"line":213,"column":15},"end":{"line":215,"column":null}},"line":213},"43":{"name":"(anonymous_43)","decl":{"start":{"line":216,"column":4},"end":{"line":216,"column":18}},"loc":{"start":{"line":216,"column":18},"end":{"line":218,"column":null}},"line":216},"44":{"name":"(anonymous_44)","decl":{"start":{"line":220,"column":4},"end":{"line":220,"column":49}},"loc":{"start":{"line":220,"column":49},"end":{"line":227,"column":null}},"line":220},"45":{"name":"(anonymous_45)","decl":{"start":{"line":230,"column":4},"end":{"line":230,"column":13}},"loc":{"start":{"line":230,"column":13},"end":{"line":232,"column":null}},"line":230},"46":{"name":"(anonymous_46)","decl":{"start":{"line":235,"column":5},"end":{"line":235,"column":20}},"loc":{"start":{"line":235,"column":54},"end":{"line":237,"column":null}},"line":235},"47":{"name":"err","decl":{"start":{"line":267,"column":16},"end":{"line":267,"column":23}},"loc":{"start":{"line":267,"column":48},"end":{"line":420,"column":null}},"line":267},"48":{"name":"(anonymous_48)","decl":{"start":{"line":274,"column":4},"end":{"line":274,"column":33}},"loc":{"start":{"line":274,"column":33},"end":{"line":276,"column":null}},"line":274},"49":{"name":"(anonymous_49)","decl":{"start":{"line":277,"column":4},"end":{"line":277,"column":35}},"loc":{"start":{"line":277,"column":35},"end":{"line":279,"column":null}},"line":277},"50":{"name":"(anonymous_50)","decl":{"start":{"line":280,"column":4},"end":{"line":280,"column":14}},"loc":{"start":{"line":280,"column":14},"end":{"line":282,"column":null}},"line":280},"51":{"name":"(anonymous_51)","decl":{"start":{"line":283,"column":4},"end":{"line":283,"column":13}},"loc":{"start":{"line":283,"column":24},"end":{"line":285,"column":null}},"line":283},"52":{"name":"(anonymous_52)","decl":{"start":{"line":288,"column":4},"end":{"line":288,"column":10}},"loc":{"start":{"line":288,"column":10},"end":{"line":290,"column":null}},"line":288},"53":{"name":"(anonymous_53)","decl":{"start":{"line":291,"column":4},"end":{"line":291,"column":11}},"loc":{"start":{"line":291,"column":14},"end":{"line":293,"column":null}},"line":291},"54":{"name":"(anonymous_54)","decl":{"start":{"line":294,"column":4},"end":{"line":294,"column":12}},"loc":{"start":{"line":294,"column":26},"end":{"line":296,"column":null}},"line":294},"55":{"name":"(anonymous_55)","decl":{"start":{"line":297,"column":4},"end":{"line":297,"column":14}},"loc":{"start":{"line":297,"column":14},"end":{"line":299,"column":null}},"line":297},"56":{"name":"(anonymous_56)","decl":{"start":{"line":300,"column":4},"end":{"line":300,"column":11}},"loc":{"start":{"line":300,"column":11},"end":{"line":302,"column":null}},"line":300},"57":{"name":"(anonymous_57)","decl":{"start":{"line":305,"column":4},"end":{"line":305,"column":10}},"loc":{"start":{"line":305,"column":10},"end":{"line":307,"column":null}},"line":305},"58":{"name":"(anonymous_58)","decl":{"start":{"line":308,"column":4},"end":{"line":308,"column":7}},"loc":{"start":{"line":308,"column":14},"end":{"line":310,"column":null}},"line":308},"59":{"name":"(anonymous_59)","decl":{"start":{"line":313,"column":4},"end":{"line":313,"column":14}},"loc":{"start":{"line":313,"column":14},"end":{"line":315,"column":null}},"line":313},"60":{"name":"(anonymous_60)","decl":{"start":{"line":316,"column":4},"end":{"line":316,"column":11}},"loc":{"start":{"line":316,"column":14},"end":{"line":318,"column":null}},"line":316},"61":{"name":"(anonymous_61)","decl":{"start":{"line":319,"column":4},"end":{"line":319,"column":13}},"loc":{"start":{"line":319,"column":13},"end":{"line":321,"column":null}},"line":319},"62":{"name":"(anonymous_62)","decl":{"start":{"line":322,"column":4},"end":{"line":322,"column":10}},"loc":{"start":{"line":322,"column":13},"end":{"line":329,"column":null}},"line":322},"63":{"name":"(anonymous_63)","decl":{"start":{"line":330,"column":4},"end":{"line":330,"column":17}},"loc":{"start":{"line":330,"column":17},"end":{"line":332,"column":null}},"line":330},"64":{"name":"(anonymous_64)","decl":{"start":{"line":333,"column":4},"end":{"line":333,"column":14}},"loc":{"start":{"line":333,"column":14},"end":{"line":335,"column":null}},"line":333},"65":{"name":"(anonymous_65)","decl":{"start":{"line":336,"column":4},"end":{"line":336,"column":15}},"loc":{"start":{"line":336,"column":18},"end":{"line":339,"column":null}},"line":336},"66":{"name":"(anonymous_66)","decl":{"start":{"line":342,"column":4},"end":{"line":342,"column":10}},"loc":{"start":{"line":342,"column":24},"end":{"line":344,"column":null}},"line":342},"67":{"name":"(anonymous_67)","decl":{"start":{"line":345,"column":4},"end":{"line":345,"column":13}},"loc":{"start":{"line":345,"column":27},"end":{"line":347,"column":null}},"line":345},"68":{"name":"(anonymous_68)","decl":{"start":{"line":348,"column":4},"end":{"line":348,"column":17}},"loc":{"start":{"line":348,"column":20},"end":{"line":350,"column":null}},"line":348},"69":{"name":"(anonymous_69)","decl":{"start":{"line":351,"column":4},"end":{"line":351,"column":10}},"loc":{"start":{"line":351,"column":24},"end":{"line":353,"column":null}},"line":351},"70":{"name":"(anonymous_70)","decl":{"start":{"line":354,"column":4},"end":{"line":354,"column":14}},"loc":{"start":{"line":354,"column":24},"end":{"line":356,"column":null}},"line":354},"71":{"name":"(anonymous_71)","decl":{"start":{"line":357,"column":4},"end":{"line":357,"column":15}},"loc":{"start":{"line":357,"column":15},"end":{"line":359,"column":null}},"line":357},"72":{"name":"(anonymous_72)","decl":{"start":{"line":360,"column":4},"end":{"line":360,"column":16}},"loc":{"start":{"line":360,"column":19},"end":{"line":362,"column":null}},"line":360},"73":{"name":"(anonymous_73)","decl":{"start":{"line":363,"column":4},"end":{"line":363,"column":11}},"loc":{"start":{"line":363,"column":20},"end":{"line":365,"column":null}},"line":363},"74":{"name":"(anonymous_74)","decl":{"start":{"line":366,"column":4},"end":{"line":366,"column":16}},"loc":{"start":{"line":366,"column":16},"end":{"line":368,"column":null}},"line":366},"75":{"name":"(anonymous_75)","decl":{"start":{"line":371,"column":4},"end":{"line":371,"column":17}},"loc":{"start":{"line":371,"column":17},"end":{"line":373,"column":null}},"line":371},"76":{"name":"(anonymous_76)","decl":{"start":{"line":374,"column":4},"end":{"line":374,"column":18}},"loc":{"start":{"line":374,"column":18},"end":{"line":376,"column":null}},"line":374},"77":{"name":"(anonymous_77)","decl":{"start":{"line":377,"column":4},"end":{"line":377,"column":16}},"loc":{"start":{"line":377,"column":16},"end":{"line":379,"column":null}},"line":377},"78":{"name":"(anonymous_78)","decl":{"start":{"line":380,"column":4},"end":{"line":380,"column":12}},"loc":{"start":{"line":380,"column":12},"end":{"line":382,"column":null}},"line":380},"79":{"name":"(anonymous_79)","decl":{"start":{"line":385,"column":4},"end":{"line":385,"column":14}},"loc":{"start":{"line":385,"column":14},"end":{"line":387,"column":null}},"line":385},"80":{"name":"(anonymous_80)","decl":{"start":{"line":388,"column":4},"end":{"line":388,"column":15}},"loc":{"start":{"line":388,"column":15},"end":{"line":390,"column":null}},"line":388},"81":{"name":"(anonymous_81)","decl":{"start":{"line":391,"column":4},"end":{"line":391,"column":19}},"loc":{"start":{"line":391,"column":19},"end":{"line":393,"column":null}},"line":391},"82":{"name":"(anonymous_82)","decl":{"start":{"line":396,"column":4},"end":{"line":396,"column":15}},"loc":{"start":{"line":396,"column":15},"end":{"line":398,"column":null}},"line":396},"83":{"name":"(anonymous_83)","decl":{"start":{"line":399,"column":4},"end":{"line":399,"column":18}},"loc":{"start":{"line":399,"column":18},"end":{"line":401,"column":null}},"line":399},"84":{"name":"(anonymous_84)","decl":{"start":{"line":402,"column":4},"end":{"line":402,"column":16}},"loc":{"start":{"line":402,"column":16},"end":{"line":404,"column":null}},"line":402},"85":{"name":"(anonymous_85)","decl":{"start":{"line":407,"column":4},"end":{"line":407,"column":13}},"loc":{"start":{"line":407,"column":13},"end":{"line":409,"column":null}},"line":407},"86":{"name":"(anonymous_86)","decl":{"start":{"line":412,"column":6},"end":{"line":412,"column":21}},"loc":{"start":{"line":412,"column":25},"end":{"line":415,"column":null}},"line":412}},"branchMap":{"0":{"loc":{"start":{"line":28,"column":2},"end":{"line":32,"column":null}},"type":"if","locations":[{"start":{"line":28,"column":2},"end":{"line":32,"column":null}},{"start":{},"end":{}}],"line":28},"1":{"loc":{"start":{"line":145,"column":6},"end":{"line":147,"column":null}},"type":"if","locations":[{"start":{"line":145,"column":6},"end":{"line":147,"column":null}},{"start":{},"end":{}}],"line":145},"2":{"loc":{"start":{"line":223,"column":6},"end":{"line":225,"column":null}},"type":"if","locations":[{"start":{"line":223,"column":6},"end":{"line":225,"column":null}},{"start":{},"end":{}}],"line":223}},"s":{"0":27,"1":26,"2":5,"3":0,"4":5,"5":27,"6":27,"7":24,"8":1,"9":1,"10":1,"11":27,"12":398,"13":114,"14":18,"15":2,"16":1,"17":15,"18":3,"19":2,"20":3,"21":2,"22":3,"23":1,"24":29,"25":1,"26":4,"27":4,"28":4,"29":3,"30":2,"31":2,"32":1,"33":1,"34":3,"35":3,"36":2,"37":8,"38":8,"39":1,"40":2,"41":2,"42":4,"43":1,"44":1,"45":5,"46":2,"47":2,"48":2,"49":2,"50":2,"51":1,"52":1,"53":2,"54":1,"55":2,"56":2,"57":1,"58":1,"59":11,"60":27,"61":398,"62":398,"63":246,"64":10,"65":78,"66":1,"67":1,"68":5,"69":5,"70":2,"71":1,"72":1,"73":1,"74":3,"75":2,"76":5,"77":3,"78":4,"79":4,"80":4,"81":1,"82":2,"83":3,"84":3,"85":4,"86":5,"87":1,"88":2,"89":2,"90":1,"91":4,"92":5,"93":1,"94":2,"95":2,"96":2,"97":2,"98":2,"99":0,"100":0,"101":1,"102":2,"103":1,"104":11,"105":9,"106":2,"107":246,"108":246},"f":{"0":26,"1":5,"2":27,"3":24,"4":1,"5":1,"6":1,"7":398,"8":114,"9":18,"10":2,"11":1,"12":15,"13":3,"14":2,"15":3,"16":2,"17":3,"18":1,"19":29,"20":1,"21":4,"22":3,"23":2,"24":3,"25":2,"26":8,"27":8,"28":1,"29":2,"30":2,"31":4,"32":1,"33":1,"34":5,"35":2,"36":2,"37":2,"38":2,"39":2,"40":1,"41":1,"42":2,"43":1,"44":2,"45":11,"46":27,"47":246,"48":10,"49":78,"50":1,"51":1,"52":5,"53":5,"54":2,"55":1,"56":1,"57":1,"58":3,"59":2,"60":5,"61":3,"62":4,"63":1,"64":2,"65":3,"66":4,"67":5,"68":1,"69":2,"70":2,"71":1,"72":4,"73":5,"74":1,"75":2,"76":2,"77":2,"78":2,"79":2,"80":0,"81":0,"82":1,"83":2,"84":1,"85":11,"86":9},"b":{"0":[0,5],"1":[1,1],"2":[1,1]},"meta":{"lastBranch":3,"lastFunction":87,"lastStatement":109,"seen":{"s:21:11:21:Infinity":0,"f:23:16:23:36":0,"s:24:2:24:Infinity":1,"f:27:9:27:64":1,"b:28:2:32:Infinity:undefined:undefined:undefined:undefined":0,"s:28:2:32:Infinity":2,"s:29:4:31:Infinity":3,"s:33:2:33:Infinity":4,"f:38:9:38:29":2,"s:39:46:39:Infinity":5,"s:40:49:53:Infinity":6,"f:41:4:41:37":3,"s:42:6:42:
[...]
,"/Users/u1070457/Projects/Perso/HexDi/Result/packages/result/src/option/guards.ts": {"path":"/Users/u1070457/Projects/Perso/HexDi/Result/packages/result/src/option/guards.ts","statementMap":{"0":{"start":{"line":25,"column":2},"end":{"line":27,"column":null}},"1":{"start":{"line":26,"column":4},"end":{"line":26,"column":null}},"2":{"start":{"line":28,"column":2},"end":{"line":28,"column":null}}},"fnMap":{"0":{"name":"isOption","decl":{"start":{"line":24,"column":16},"end":{"line":24,"column":25}},"loc":{"start":{"line":24,"column":67},"end":{"line":29,"column":null}},"line":24}},"branchMap":{"0":{"loc":{"start":{"line":25,"column":2},"end":{"line":27,"column":null}},"type":"if","locations":[{"start":{"line":25,"column":2},"end":{"line":27,"column":null}},{"start":{},"end":{}}],"line":25},"1":{"loc":{"start":{"line":25,"column":6},"end":{"line":25,"column":74}},"type":"binary-expr","locations":[{"start":{"line":25,"column":6},"end":{"line":25,"column":24}},{"start":{"line":25,"column":24},"end":{"line":25,"column":47}},{"start":{"line":25,"column":47},"end":{"line":25,"column":74}}],"line":25}},"s":{"0":17,"1":4,"2":13},"f":{"0":17},"b":{"0":[4,13],"1":[17,16,15]},"meta":{"lastBranch":2,"lastFunction":1,"lastStatement":3,"seen":{"f:24:16:24:25":0,"b:25:2:27:Infinity:undefined:undefined:undefined:undefined":0,"s:25:2:27:Infinity":0,"b:25:6:25:24:25:24:25:47:25:47:25:74":1,"s:26:4:26:Infinity":1,"s:28:2:28:Infinity":2}}}
,"/Users/u1070457/Projects/Perso/HexDi/Result/packages/result/src/option/index.ts": {"path":"/Users/u1070457/Projects/Perso/HexDi/Result/packages/result/src/option/index.ts","statementMap":{},"fnMap":{},"branchMap":{},"s":{},"f":{},"b":{},"meta":{"lastBranch":0,"lastFunction":0,"lastStatement":0,"seen":{}}}
,"/Users/u1070457/Projects/Perso/HexDi/Result/packages/result/src/option/option.ts": {"path":"/Users/u1070457/Projects/Perso/HexDi/Result/packages/result/src/option/option.ts","statementMap":{"0":{"start":{"line":35,"column":15},"end":{"line":118,"column":null}},"1":{"start":{"line":42,"column":6},"end":{"line":42,"column":null}},"2":{"start":{"line":45,"column":6},"end":{"line":45,"column":null}},"3":{"start":{"line":48,"column":6},"end":{"line":48,"column":null}},"4":{"start":{"line":53,"column":6},"end":{"line":53,"column":null}},"5":{"start":{"line":56,"column":6},"end":{"line":56,"column":null}},"6":{"start":{"line":59,"column":6},"end":{"line":59,"column":null}},"7":{"start":{"line":62,"column":6},"end":{"line":64,"column":null}},"8":{"start":{"line":63,"column":8},"end":{"line":63,"column":null}},"9":{"start":{"line":65,"column":6},"end":{"line":65,"column":null}},"10":{"start":{"line":68,"column":6},"end":{"line":70,"column":null}},"11":{"start":{"line":69,"column":8},"end":{"line":69,"column":null}},"12":{"start":{"line":71,"column":6},"end":{"line":71,"column":null}},"13":{"start":{"line":76,"column":6},"end":{"line":76,"column":null}},"14":{"start":{"line":79,"column":6},"end":{"line":79,"column":null}},"15":{"start":{"line":84,"column":6},"end":{"line":84,"column":null}},"16":{"start":{"line":87,"column":6},"end":{"line":87,"column":null}},"17":{"start":{"line":90,"column":6},"end":{"line":90,"column":null}},"18":{"start":{"line":95,"column":6},"end":{"line":95,"column":null}},"19":{"start":{"line":98,"column":6},"end":{"line":98,"column":null}},"20":{"start":{"line":101,"column":6},"end":{"line":101,"column":null}},"21":{"start":{"line":106,"column":6},"end":{"line":106,"column":null}},"22":{"start":{"line":111,"column":20},"end":{"line":111,"column":null}},"23":{"start":{"line":112,"column":6},"end":{"line":114,"column":null}},"24":{"start":{"line":113,"column":8},"end":{"line":113,"column":null}},"25":{"start":{"line":116,"column":6},"end":{"line":116,"column":null}},"26":{"start":{"line":120,"column":2},"end":{"line":120,"column":null}},"27":{"start":{"line":121,"column":2},"end":{"line":121,"column":null}},"28":{"start":{"line":125,"column":34},"end":{"line":125,"column":null}},"29":{"start":{"line":147,"column":2},"end":{"line":149,"column":null}},"30":{"start":{"line":148,"column":4},"end":{"line":148,"column":null}},"31":{"start":{"line":151,"column":15},"end":{"line":222,"column":null}},"32":{"start":{"line":157,"column":6},"end":{"line":157,"column":null}},"33":{"start":{"line":160,"column":6},"end":{"line":160,"column":null}},"34":{"start":{"line":163,"column":6},"end":{"line":163,"column":null}},"35":{"start":{"line":168,"column":6},"end":{"line":168,"column":null}},"36":{"start":{"line":171,"column":6},"end":{"line":171,"column":null}},"37":{"start":{"line":174,"column":6},"end":{"line":174,"column":null}},"38":{"start":{"line":177,"column":6},"end":{"line":177,"column":null}},"39":{"start":{"line":180,"column":6},"end":{"line":180,"column":null}},"40":{"start":{"line":185,"column":6},"end":{"line":185,"column":null}},"41":{"start":{"line":188,"column":6},"end":{"line":188,"column":null}},"42":{"start":{"line":193,"column":6},"end":{"line":193,"column":null}},"43":{"start":{"line":196,"column":6},"end":{"line":196,"column":null}},"44":{"start":{"line":199,"column":6},"end":{"line":199,"column":null}},"45":{"start":{"line":204,"column":6},"end":{"line":204,"column":null}},"46":{"start":{"line":207,"column":6},"end":{"line":207,"column":null}},"47":{"start":{"line":210,"column":6},"end":{"line":210,"column":null}},"48":{"start":{"line":215,"column":6},"end":{"line":215,"column":null}},"49":{"start":{"line":220,"column":6},"end":{"line":220,"column":null}},"50":{"start":{"line":224,"column":2},"end":{"line":224,"column":null}},"51":{"start":{"line":225,"column":2},"end":{"line":225,"column":null}},"52":{"start":{"line":226,"column":2},"end":{"line":226,"column":null}}},"fnMap":{"0":{"name":"some","decl":{"start":{"line":34,"column":16},"end":{"line":34,"column":24}},"loc":{"start":{"line":34,"column":43},"end":{"line":122,"column":null}},"line":34},"1":{"name":"(anonymous_1)","decl":{"start":{"line":41,"column":4},"end":{"line":41,"column":22}},"loc":{"start":{"line":41,"column":22},"end":{"line":43,"column":null}},"line":41},"2":{"name":"(anonymous_2)","decl":{"start":{"line":44,"column":4},"end":{"line":44,"column":22}},"loc":{"start":{"line":44,"column":22},"end":{"line":46,"column":null}},"line":44},"3":{"name":"(anonymous_3)","decl":{"start":{"line":47,"column":4},"end":{"line":47,"column":14}},"loc":{"start":{"line":47,"column":57},"end":{"line":49,"column":null}},"line":47},"4":{"name":"(anonymous_4)","decl":{"start":{"line":52,"column":4},"end":{"line":52,"column":11}},"loc":{"start":{"line":52,"column":40},"end":{"line":54,"column":null}},"line":52},"5":{"name":"(anonymous_5)","decl":{"start":{"line":55,"column":4},"end":{"line":55,"column":11}},"loc":{"start":{"line":55,"column":56},"end":{"line":57,"column":null}},"line":55},"6":{"name":"(anonymous_6)","decl":{"start":{"line":58,"column":4},"end":{"line":58,"column":23}},"loc":{"start":{"line":58,"column":23},"end":{"line":60,"column":null}},"line":58},"7":{"name":"(anonymous_7)","decl":{"start":{"line":61,"column":4},"end":{"line":61,"column":11}},"loc":{"start":{"line":61,"column":45},"end":{"line":66,"column":null}},"line":61},"8":{"name":"(anonymous_8)","decl":{"start":{"line":67,"column":4},"end":{"line":67,"column":18}},"loc":{"start":{"line":67,"column":69},"end":{"line":72,"column":null}},"line":67},"9":{"name":"(anonymous_9)","decl":{"start":{"line":75,"column":4},"end":{"line":75,"column":15}},"loc":{"start":{"line":75,"column":54},"end":{"line":77,"column":null}},"line":75},"10":{"name":"(anonymous_10)","decl":{"start":{"line":78,"column":4},"end":{"line":78,"column":22}},"loc":{"start":{"line":78,"column":22},"end":{"line":80,"column":null}},"line":78},"11":{"name":"(anonymous_11)","decl":{"start":{"line":83,"column":4},"end":{"line":83,"column":16}},"loc":{"start":{"line":83,"column":62},"end":{"line":85,"column":null}},"line":83},"12":{"name":"(anonymous_12)","decl":{"start":{"line":86,"column":4},"end":{"line":86,"column":18}},"loc":{"start":{"line":86,"column":18},"end":{"line":88,"column":null}},"line":86},"13":{"name":"(anonymous_13)","decl":{"start":{"line":89,"column":4},"end":{"line":89,"column":16}},"loc":{"start":{"line":89,"column":16},"end":{"line":91,"column":null}},"line":89},"14":{"name":"(anonymous_14)","decl":{"start":{"line":94,"column":4},"end":{"line":94,"column":24}},"loc":{"start":{"line":94,"column":24},"end":{"line":96,"column":null}},"line":94},"15":{"name":"(anonymous_15)","decl":{"start":{"line":97,"column":4},"end":{"line":97,"column":20}},"loc":{"start":{"line":97,"column":20},"end":{"line":99,"column":null}},"line":97},"16":{"name":"(anonymous_16)","decl":{"start":{"line":100,"column":4},"end":{"line":100,"column":21}},"loc":{"start":{"line":100,"column":21},"end":{"line":102,"column":null}},"line":100},"17":{"name":"(anonymous_17)","decl":{"start":{"line":105,"column":4},"end":{"line":105,"column":60}},"loc":{"start":{"line":105,"column":60},"end":{"line":107,"column":null}},"line":105},"18":{"name":"(anonymous_18)","decl":{"start":{"line":110,"column":4},"end":{"line":110,"column":25}},"loc":{"start":{"line":110,"column":25},"end":{"line":117,"column":null}},"line":110},"19":{"name":"none","decl":{"start":{"line":146,"column":16},"end":{"line":146,"column":29}},"loc":{"start":{"line":146,"column":29},"end":{"line":227,"column":null}},"line":146},"20":{"name":"(anonymous_20)","decl":{"start":{"line":156,"column":4},"end":{"line":156,"column":22}},"loc":{"start":{"line":156,"column":22},"end":{"line":158,"column":null}},"line":156},"21":{"name":"(anonymous_21)","decl":{"start":{"line":159,"column":4},"end":{"line":159,"column":22}},"loc":{"start":{"line":159,"column":22},"end":{"line":161,"column":null}},"line":159},"22":{"name":"(anonymous_22)","decl":{"start":{"line":162,"column":4},"end":{"line":162,"column":25}},"loc":{"start":{"line":162,"column":25},"end":{"line":164,"column":null}},"line":162},"23":{"name":"(anonymous_23)","decl":{"start":{"line":167,"column":4},"end":{"line":167,"column":19}},"loc":{"start":{"line":167,"column":19},"end":{"line":169,"column":null}},"line":167},"24":{"name":"(anonymous_24)","decl":{"start":{"line":170,"column":4},"end":{"line":170,"column":22}},"loc":{"start":{"line":170,"column":22},"end":{"line":172,"column":null}},"line":170},"25":{"name":"(anonymous_25)","decl":{"start":{"line":173,"column":4},"end":{"line":173,"column":23}},"loc":{"start":{"line":173,"column":23},"end":{"line":175,"column":null}},"line":173},"26":{"name":"(anonymous_26)","decl":{"start":{"line":176,"column":4},"end":{"line":176,"column":19}},"loc":{"start":{"line":176,"column":19},"end":{"line":178,"column":null}},"line":176},"27":{"name":"(anonymous_27)","decl":{"start":{"line":179,"column":4},"end":{"line":179,"column":23}},"loc":{"start":{"line":179,"column":23},"end":{"line":181,"column":null}},"line":179},"28":{"name":"(anonymous_28)","decl":{"start":{"line":184,"column":4},"end":{"line":184,"column":23}},"loc":{"start":{"line":184,"column":23},"end":{"line":186,"column":null}},"line":184},"29":{"name":"(anonymous_29)","decl":{"start":{"line":187,"column":4},"end":{"line":187,"column":14}},"loc":{"start":{"line":187,"column":45},"end":{"line":189,"column":null}},"line":187},"30":{"name":"(anonymous_30)","decl":{"start":{"line":192,"column":4},"end":{"line":192,"column":16}},"loc":{"start":{"line":192,"column":66},"end":{"line":194,"column":null}},"line":192},"31":{"name":"(anonymous_31)","decl":{"start":{"line":195,"column":4},"end":{"line":195,"column":16}},"loc":{"start":{"line":195,"column":36},"end":{"line":197,"column":null}},"line":195},"32":{"name":"(anonymous_32)","decl":{"start":{"line":198,"column":4},"end":{"line":198,"column":11}},"loc":{"start":{"line":198,"column":35},"end":{"line":200,"column":null}},"line":198},"33":{"name":"(anonymous_33)","decl":{"start":{"line":203,"column":4},"end":{"line":203,"column":16}},"loc":{"start":{"line":203,"column":42},"end":{"line":205,"column":null}},"line":203},"34":{"name":"(anonymous_34)","decl":{"start":{"line":206,"column":4},"end":{"line":206,"column":23}},"loc":{"start":{"line":206,"column":23},"end":{"line":208,"column":null}},"line":206},"35":{"name":"(anonymous_35)","decl":{"start":{"line":209,"column":4},"end":{"line":209,"column":29}},"loc":{"start":{"line":209,"column":29},"end":{"line":211,"column":null}},"line":209},"36":{"name":"(anonymous_36)","decl":{"start":{"line":214,"column":4},"end":{"line":214,"column":50}},"loc":{"start":{"line":214,"column":50},"end":{"line":216,"column":null}},"line":214},"37":{"name":"(anonymous_37)","decl":{"start":{"line":219,"column":4},"end":{"line":219,"column":25}},"loc":{"start":{"line":219,"column":25},"end":{"line":221,"column":null}},"line":219}},"branchMap":{"0":{"loc":{"start":{"line":56,"column":13},"end":{"line":56,"column":null}},"type":"cond-expr","locations":[{"start":{"line":56,"column":32},"end":{"line":56,"column":61}},{"start":{"line":56,"column":61},"end":{"line":56,"column":null}}],"line":56},"1":{"loc":{"start":{"line":62,"column":6},"end":{"line":64,"column":null}},"type":"if","locations":[{"start":{"line":62,"column":6},"end":{"line":64,"column":null}},{"start":{},"end":{}}],"line":62},"2":{"loc":{"start":{"line":68,"column":6},"end":{"line":70,"column":null}},"type":"if","locations":[{"start":{"line":68,"column":6},"end":{"line":70,"column":null}},{"start":{},"end":{}}],"line":68},"3":{"loc":{"start":{"line":112,"column":6},"end":{"line":114,"column":null}},"type":"if","locations":[{"start":{"line":112,"column":6},"end":{"line":114,"column":null}},{"start":{},"end":{}}],"line":112},"4":{"loc":{"start":{"line":147,"column":2},"end":{"line":149,"column":null}},"type":"if","locations":[{"start":{"line":147,"column":2},"end":{"line":149,"column":null}},{"start":{},"end":{}}],"line":147}},"s":{"0":69,"1":33,"2":1,"3":2,"4":1,"5":2,"6":2,"7":2,"8":1,"9":1,"10":2,"11":1,"12":1,"13":2,"14":1,"15":1,"16":1,"17":1,"18":1,"19":1,"20":1,"21":4,"22":2,"23":2,"24":1,"25":1,"26":69,"27":69,"28":27,"29":53,"30":46,"31":7,"32":2,"33":7,"34":1,"35":1,"36":1,"37":1,"38":2,"39":1,"40":1,"41":2,"42":1,"43":1,"44":2,"45":1,"46":1,"47":1,"48":4,"49":1,"50":7,"51":7,"52":7},"f":{"0":69,"1":33,"2":1,"3":2,"4":1,"5":2,"6":2,"7":2,"8":2,"9":2,"10":1,"11":1,"12":1,"13":1,"14":1,"15":1,"16":1,"17":4,"18":2,"19":53,"20":2,"21":7,"22":1,"23":1,"24":1,"25":1,"26":2,"27":1,"28":1,"29":2,"30":1,"31":1,"32":2,"33":1,"34":1,"35":1,"36":4,"37":1},"b":{"0":[1,1],"1":[1,1],"2":[1,1],"3":[1,1],"4":[46,7]},"meta":{"lastBranch":5,"lastFunction":38,"lastStatement":53,"seen":{"f:34:16:34:24":0,"s:35:15:118:Infinity":0,"f:41:4:41:22":1,"s:42:6:42:Infinity":1,"f:44:4:44:22":2,"s:45:6:45:Infinity":2,"f:47:4:47:14":3,"s:48:6:48:Infinity":3,"f:52:4:52:11":4,"s:53:6:53:Infinity":4,"f:55:4:55:11":5,"s:56:6:56:Infinity":5,"b:56:32:56:61:56:61:56:Infinity":0,"f:58:4:58:23":6,"s:59:6:59:Infinity":6,"f:61:4:61:11":7,"b:62:6:64:Infinity:undefined:undefined:undefined:undefined":1,"s:62:6:64:Infinity":7,"s:63:8:63:Infinity":8,"s:65:6:65:Infinity":9,"f:67:4:67:18":8,"b:68:6:70:Infinity:undefined:undefined:undefined:undefined":2,"s:68:6:70:Infinity":10,"s:69:8:69:Infinity":11,"s:71:6:71:Infinity":12,"f:75:4:75:15":9,"s:76:6:76:Infinity":13,"f:78:4:78:22":10,"s:79:6:79:Infinity":14,"f:83:4:83:16":11,"s:84:6:84:Infinity":15,"f:86:4:86:18":12,"s:87:6:87:Infinity":16,"f:89:4:89:16":13,"s:90:6:90:Infinity":17,"f:94:4:94:24":14,"s:95:6:95:Infinity":18,"f:97:4:97:20":15,"s:98:6:98:Infinity":19,"f:100:4:100:21":16,"s:101:6:101:Infinity":20,"f:105:4:105:60":17,"s:106:6:106:Infinity":21,"f:110:4:110:25":18,"s:111:20:111:Infinity":22,"b:112:6:114:Infinity:undefined:undefined:undefined:undefined":3,"s:112:6:114:Infinity":23,"s:113:8:113:Infinity":24,"s:116:6:116:Infinity":25,"s:120:2:120:Infinity":26,"s:121:2:121:Infinity":27,"s:125:34:125:Infinity":28,"f:146:16:146:29":19,"b:147:2:149:Infinity:undefined:undefined:undefined:undefined":4,"s:147:2:149:Infinity":29,"s:148:4:148:Infinity":30,"s:151:15:222:Infinity":31,"f:156:4:156:22":20,"s:157:6:157:Infinity":32,"f:159:4:159:22":21,"s:160:6:160:Infinity":33,"f:162:4:162:25":22,"s:163:6:163:Infinity":34,"f:167:4:167:19":23,"s:168:6:168:Infinity":35,"f:170:4:170:22":24,"s:171:6:171:Infinity":36,"f:173:4:173:23":25,"s:174:6:174:Infinity":37,"f:176:4:176:19":26,"s:177:6:177:Infinity":38,"f:179:4:179:23":27,"s:180:6:180:Infinity":39,"f:184:4:184:23":28,"s:185:6:185:Infinity":40,"f:187:4:187:14":29,"s:188:6:188:Infinity":41,"f:192:4:192:16":30,"s:193:6:193:Infinity":42,"f:195:4:195:16":31,"s:196:6:196:Infinity":43,"f:198:4:198:11":32,"s:199:6:199:Infinity":44,"f:203:4:203:16":33,"s:204:6:204:Infinity":45,"f:206:4:206:23":34,"s:207:6:207:Infinity":46,"f:209:4:209:29":35,"s:210:6:210:Infinity":47,"f:214:4:214:50":36,"s:215:6:215:Infinity":48,"f:219:4:219:25":37,"s:220:6:220:Infinity":49,"s:224:2:224:Infinity":50,"s:225:2:225:Infinity":51,"s:226:2:226:Infinity":52}}}
,"/Users/u1070457/Projects/Perso/HexDi/Result/packages/result/src/unsafe/index.ts": {"path":"/Users/u1070457/Projects/Perso/HexDi/Result/packages/result/src/unsafe/index.ts","statementMap":{},"fnMap":{},"branchMap":{},"s":{},"f":{},"b":{},"meta":{"lastBranch":0,"lastFunction":0,"lastStatement":0,"seen":{}}}
,"/Users/u1070457/Projects/Perso/HexDi/Result/packages/result/src/unsafe/unwrap-error.ts": {"path":"/Users/u1070457/Projects/Perso/HexDi/Result/packages/result/src/unsafe/unwrap-error.ts","statementMap":{"0":{"start":{"line":38,"column":4},"end":{"line":38,"column":null}},"1":{"start":{"line":39,"column":4},"end":{"line":39,"column":null}},"2":{"start":{"line":40,"column":4},"end":{"line":40,"column":null}}},"fnMap":{"0":{"name":"(anonymous_0)","decl":{"start":{"line":34,"column":2},"end":{"line":34,"column":null}},"loc":{"start":{"line":37,"column":4},"end":{"line":41,"column":null}},"line":37}},"branchMap":{},"s":{"0":19,"1":19,"2":19},"f":{"0":19},"b":{},"meta":{"lastBranch":0,"lastFunction":1,"lastStatement":3,"seen":{"f:34:2:34:Infinity":0,"s:38:4:38:Infinity":0,"s:39:4:39:Infinity":1,"s:40:4:40:Infinity":2}}}
,"/Users/u1070457/Projects/Perso/HexDi/Result/packages/result/src/unsafe/unwrap.ts": {"path":"/Users/u1070457/Projects/Perso/HexDi/Result/packages/result/src/unsafe/unwrap.ts","statementMap":{"0":{"start":{"line":23,"column":2},"end":{"line":25,"column":null}},"1":{"start":{"line":24,"column":4},"end":{"line":24,"column":null}},"2":{"start":{"line":26,"column":2},"end":{"line":29,"column":null}},"3":{"start":{"line":51,"column":2},"end":{"line":53,"column":null}},"4":{"start":{"line":52,"column":4},"end":{"line":52,"column":null}},"5":{"start":{"line":54,"column":2},"end":{"line":57,"column":null}}},"fnMap":{"0":{"name":"unwrap","decl":{"start":{"line":22,"column":16},"end":{"line":22,"column":29}},"loc":{"start":{"line":22,"column":54},"end":{"line":30,"column":null}},"line":22},"1":{"name":"unwrapErr","decl":{"start":{"line":50,"column":16},"end":{"line":50,"column":32}},"loc":{"start":{"line":50,"column":57},"end":{"line":58,"column":null}},"line":50}},"branchMap":{"0":{"loc":{"start":{"line":23,"column":2},"end":{"line":25,"column":null}},"type":"if","locations":[{"start":{"line":23,"column":2},"end":{"line":25,"column":null}},{"start":{},"end":{}}],"line":23},"1":{"loc":{"start":{"line":51,"column":2},"end":{"line":53,"column":null}},"type":"if","locations":[{"start":{"line":51,"column":2},"end":{"line":53,"column":null}},{"start":{},"end":{}}],"line":51}},"s":{"0":4,"1":1,"2":3,"3":3,"4":1,"5":2},"f":{"0":4,"1":3},"b":{"0":[1,3],"1":[1,2]},"meta":{"lastBranch":2,"lastFunction":2,"lastStatement":6,"seen":{"f:22:16:22:29":0,"b:23:2:25:Infinity:undefined:undefined:undefined:undefined":0,"s:23:2:25:Infinity":0,"s:24:4:24:Infinity":1,"s:26:2:29:Infinity":2,"f:50:16:50:32":1,"b:51:2:53:Infinity:undefined:undefined:undefined:undefined":1,"s:51:2:53:Infinity":3,"s:52:4:52:Infinity":4,"s:54:2:57:Infinity":5}}}
}
